2016-03-09 14:51:43 [INFO] [snatch][fetch wait][url=http://www.huxiu.com/]
2016-03-09 14:51:43 [INFO] [snatch][fetch wait][url=http://tech.qq.com/]
2016-03-09 14:51:44 [INFO] [snatch][fetch wait][url=http://tech.sina.com.cn/]
2016-03-09 14:51:45 [INFO] [snatch][fetch wait][url=http://tech.163.com/]
2016-03-09 14:51:45 [INFO] [snatch][fetch wait][url=http://www.lieyunwang.com/archives]
2016-03-09 14:51:45 [INFO] [snatch][fetch wait][url=http://www.iyiou.com/]
2016-03-09 14:51:47 [INFO] [snatch][fetch wait][url=http://www.iheima.com/]
2016-03-09 14:52:17 [ERROR] error:<urlopen error timed out>
2016-03-09 14:52:17 [INFO] [snatch][fetch wait][url=http://www.pedaily.cn/]
2016-03-09 14:52:17 [INFO] [snatch][fetch wait][url=http://www.leiphone.com/]
2016-03-09 14:52:17 [INFO] [snatch][fetch wait][url=http://www.leiphone.com/page/2#lph-pageList]
2016-03-09 14:52:18 [INFO] [snatch][fetch wait][url=http://www.pingwest.com/]
2016-03-09 14:52:18 [INFO] [snatch][fetch wait][url=http://www.geekpark.net/]
2016-03-09 14:52:18 [INFO] [snatch][fetch wait][url=http://www.tmtpost.com/]
2016-03-09 14:52:19 [INFO] [snatch][fetch wait][url=http://www.techweb.com.cn/news/]
2016-03-09 14:52:19 [INFO] [snatch][fetch wait][url=http://www.ikanchai.com/]
2016-03-09 14:52:19 [INFO] [snatch][fetch wait][url=http://www.cnbeta.com/]
2016-03-09 14:52:19 [INFO] [snatch][fetch wait][url=http://www.pintu360.com/]
2016-03-09 14:52:20 [INFO] [snatch][fetch wait][url=http://www.21jingji.com/channel/biz/itkeji/]
2016-03-09 14:52:20 [INFO] [snatch][fetch wait][url=http://www.duozhi.com/]
2016-03-09 14:52:20 [INFO] [snatch][fetch wait][url=http://www.jiemodui.com/]
2016-03-09 14:52:20 [INFO] [snatch][fetch wait][url=http://www.pinchain.com/]
2016-03-09 14:52:21 [INFO] [snatch][fetch wait][url=http://www.traveldaily.cn/]
2016-03-09 14:52:21 [INFO] [snatch][fetch wait][url=http://www.vcbeat.net/]
2016-03-09 14:52:22 [INFO] [snatch][fetch wait][url=http://www.cheyun.com/]
2016-03-09 14:52:22 [INFO] [snatch][fetch wait][url=http://news.mydrivers.com/]
2016-03-09 14:52:22 [INFO] [snatch][fetch wait][url=http://www.sootoo.com/content/news/]
2016-03-09 14:52:22 [INFO] [snatch][fetch wait][url=http://www.sootoo.com/content/news/?page=2]
2016-03-09 14:52:23 [INFO] [snatch][fetch wait][url=http://www.ifanr.com/]
2016-03-09 14:52:23 [INFO] [snatch][fetch wait][url=http://www.donews.com/original/]
2016-03-09 14:52:23 [INFO] [snatch][fetch wait][url=http://www.pencilnews.cn/]
2016-03-09 14:52:23 [INFO] [snatch][fetch wait][url=http://www.2b.cn/]
2016-03-09 14:52:23 [INFO] [snatch][fetch wait][url=http://www.jiemian.com/lists/4.html]
2016-03-09 15:43:09 [INFO] [snatch][fetch wait][url=http://www.huxiu.com/]
2016-03-09 15:43:10 [INFO] [snatch][fetch wait][url=http://tech.qq.com/]
2016-03-09 15:43:10 [INFO] [snatch][fetch wait][url=http://tech.sina.com.cn/]
2016-03-09 15:43:10 [INFO] [snatch][fetch wait][url=http://tech.163.com/]
2016-03-09 15:43:11 [INFO] [snatch][fetch wait][url=http://www.lieyunwang.com/archives]
2016-03-09 15:43:11 [INFO] [snatch][fetch wait][url=http://www.iyiou.com/]
2016-03-09 15:43:11 [INFO] [snatch][fetch wait][url=http://www.iheima.com/]
2016-03-09 15:43:11 [INFO] [snatch][fetch wait][url=http://www.pedaily.cn/]
2016-03-09 15:43:11 [INFO] [snatch][fetch wait][url=http://www.leiphone.com/]
2016-03-09 15:43:12 [INFO] [snatch][fetch wait][url=http://www.leiphone.com/page/2#lph-pageList]
2016-03-09 15:43:13 [INFO] [snatch][fetch wait][url=http://www.pingwest.com/]
2016-03-09 15:43:13 [INFO] [snatch][fetch wait][url=http://www.geekpark.net/]
2016-03-09 15:43:13 [INFO] [snatch][fetch wait][url=http://www.tmtpost.com/]
2016-03-09 15:43:13 [INFO] [snatch][fetch wait][url=http://www.techweb.com.cn/news/]
2016-03-09 15:43:14 [INFO] [snatch][fetch wait][url=http://www.ikanchai.com/]
2016-03-09 15:43:14 [INFO] [snatch][fetch wait][url=http://www.cnbeta.com/]
2016-03-09 15:43:14 [INFO] [snatch][fetch wait][url=http://www.pintu360.com/]
2016-03-09 15:43:14 [INFO] [snatch][fetch wait][url=http://www.21jingji.com/channel/biz/itkeji/]
2016-03-09 15:43:14 [INFO] [snatch][fetch wait][url=http://www.duozhi.com/]
2016-03-09 15:43:14 [INFO] [snatch][fetch wait][url=http://www.jiemodui.com/]
2016-03-09 15:43:15 [INFO] [snatch][fetch wait][url=http://www.pinchain.com/]
2016-03-09 15:43:15 [INFO] [snatch][fetch wait][url=http://www.traveldaily.cn/]
2016-03-09 15:43:15 [INFO] [snatch][fetch wait][url=http://www.vcbeat.net/]
2016-03-09 15:43:16 [INFO] [snatch][fetch wait][url=http://www.cheyun.com/]
2016-03-09 15:43:16 [INFO] [snatch][fetch wait][url=http://news.mydrivers.com/]
2016-03-09 15:43:16 [INFO] [snatch][fetch wait][url=http://www.sootoo.com/content/news/]
2016-03-09 15:43:16 [INFO] [snatch][fetch wait][url=http://www.sootoo.com/content/news/?page=2]
2016-03-09 15:43:16 [INFO] [snatch][fetch wait][url=http://www.ifanr.com/]
2016-03-09 15:43:16 [INFO] [snatch][fetch wait][url=http://www.donews.com/original/]
2016-03-09 15:43:16 [INFO] [snatch][fetch wait][url=http://www.pencilnews.cn/]
2016-03-09 15:43:17 [INFO] [snatch][fetch wait][url=http://www.2b.cn/]
2016-03-09 15:43:17 [INFO] [snatch][fetch wait][url=http://www.jiemian.com/lists/4.html]
2016-03-09 15:46:23 [INFO] [snatch][fetch wait][url=http://www.huxiu.com/]
2016-03-09 15:46:23 [INFO] [snatch][fetch wait][url=http://tech.qq.com/]
2016-03-09 15:46:23 [INFO] [snatch][fetch wait][url=http://tech.sina.com.cn/]
2016-03-09 15:46:24 [INFO] [snatch][fetch wait][url=http://tech.163.com/]
2016-03-09 15:46:24 [INFO] [snatch][fetch wait][url=http://www.lieyunwang.com/archives]
2016-03-09 15:46:25 [INFO] [snatch][fetch wait][url=http://www.iyiou.com/]
2016-03-09 15:46:25 [INFO] [snatch][fetch wait][url=http://www.iheima.com/]
2016-03-09 15:46:25 [INFO] [snatch][fetch wait][url=http://www.pedaily.cn/]
2016-03-09 15:46:25 [INFO] [snatch][fetch wait][url=http://www.leiphone.com/]
2016-03-09 15:46:26 [INFO] [snatch][fetch wait][url=http://www.leiphone.com/page/2#lph-pageList]
2016-03-09 15:46:26 [INFO] [snatch][fetch wait][url=http://www.pingwest.com/]
2016-03-09 15:46:26 [INFO] [snatch][fetch wait][url=http://www.geekpark.net/]
2016-03-09 15:46:27 [INFO] [snatch][fetch wait][url=http://www.tmtpost.com/]
2016-03-09 15:46:27 [INFO] [snatch][fetch wait][url=http://www.techweb.com.cn/news/]
2016-03-09 15:46:27 [INFO] [snatch][fetch wait][url=http://www.ikanchai.com/]
2016-03-09 15:46:28 [INFO] [snatch][fetch wait][url=http://www.cnbeta.com/]
2016-03-09 15:46:28 [INFO] [snatch][fetch wait][url=http://www.pintu360.com/]
2016-03-09 15:46:28 [INFO] [snatch][fetch wait][url=http://www.21jingji.com/channel/biz/itkeji/]
2016-03-09 15:46:28 [INFO] [snatch][fetch wait][url=http://www.duozhi.com/]
2016-03-09 15:46:28 [INFO] [snatch][fetch wait][url=http://www.jiemodui.com/]
2016-03-09 15:46:28 [INFO] [snatch][fetch wait][url=http://www.pinchain.com/]
2016-03-09 15:46:31 [INFO] [snatch][fetch wait][url=http://www.traveldaily.cn/]
2016-03-09 15:46:31 [INFO] [snatch][fetch wait][url=http://www.vcbeat.net/]
2016-03-09 15:46:32 [INFO] [snatch][fetch wait][url=http://www.cheyun.com/]
2016-03-09 15:46:32 [INFO] [snatch][fetch wait][url=http://news.mydrivers.com/]
2016-03-09 15:46:32 [INFO] [snatch][fetch wait][url=http://www.sootoo.com/content/news/]
2016-03-09 15:46:32 [INFO] [snatch][fetch wait][url=http://www.sootoo.com/content/news/?page=2]
2016-03-09 15:46:32 [INFO] [snatch][fetch wait][url=http://www.ifanr.com/]
2016-03-09 15:46:32 [INFO] [snatch][fetch wait][url=http://www.donews.com/original/]
2016-03-09 15:46:35 [INFO] [snatch][fetch wait][url=http://www.pencilnews.cn/]
2016-03-09 15:46:36 [INFO] [snatch][fetch wait][url=http://www.2b.cn/]
2016-03-09 15:46:36 [INFO] [snatch][fetch wait][url=http://www.jiemian.com/lists/4.html]
2016-03-10 10:35:48 [INFO] [snatch][fetch wait][url=http://www.huxiu.com/]
2016-03-10 10:35:48 [INFO] [snatch][fetch wait][url=http://tech.qq.com/]
2016-03-10 10:35:48 [INFO] [snatch][fetch wait][url=http://tech.sina.com.cn/]
2016-03-10 10:35:49 [INFO] [snatch][fetch wait][url=http://tech.163.com/]
2016-03-10 10:35:49 [INFO] [snatch][fetch wait][url=http://www.lieyunwang.com/archives]
2016-03-10 10:35:49 [INFO] [snatch][fetch wait][url=http://www.iyiou.com/]
2016-03-10 10:35:50 [INFO] [snatch][fetch wait][url=http://www.iheima.com/]
2016-03-10 10:35:50 [INFO] [snatch][fetch wait][url=http://www.pedaily.cn/]
2016-03-10 10:35:50 [INFO] [snatch][fetch wait][url=http://www.leiphone.com/]
2016-03-10 10:35:50 [INFO] [snatch][fetch wait][url=http://www.leiphone.com/page/2#lph-pageList]
2016-03-10 10:35:50 [INFO] [snatch][fetch wait][url=http://www.pingwest.com/]
2016-03-10 10:35:50 [INFO] [snatch][fetch wait][url=http://www.geekpark.net/]
2016-03-10 10:35:51 [INFO] [snatch][fetch wait][url=http://www.tmtpost.com/]
2016-03-10 10:35:51 [INFO] [snatch][fetch wait][url=http://www.techweb.com.cn/news/]
2016-03-10 10:35:52 [INFO] [snatch][fetch wait][url=http://www.ikanchai.com/]
2016-03-10 10:35:52 [INFO] [snatch][fetch wait][url=http://www.cnbeta.com/]
2016-03-10 10:35:52 [INFO] [snatch][fetch wait][url=http://www.pintu360.com/]
2016-03-10 10:35:52 [INFO] [snatch][fetch wait][url=http://www.21jingji.com/channel/biz/itkeji/]
2016-03-10 10:35:52 [INFO] [snatch][fetch wait][url=http://www.duozhi.com/]
2016-03-10 10:35:52 [INFO] [snatch][fetch wait][url=http://www.jiemodui.com/]
2016-03-10 10:35:53 [INFO] [snatch][fetch wait][url=http://www.pinchain.com/]
2016-03-10 10:35:53 [INFO] [snatch][fetch wait][url=http://www.traveldaily.cn/]
2016-03-10 10:35:54 [INFO] [snatch][fetch wait][url=http://www.vcbeat.net/]
2016-03-10 10:35:55 [INFO] [snatch][fetch wait][url=http://www.cheyun.com/]
2016-03-10 10:35:55 [INFO] [snatch][fetch wait][url=http://news.mydrivers.com/]
2016-03-10 10:35:55 [INFO] [snatch][fetch wait][url=http://www.sootoo.com/content/news/]
2016-03-10 10:35:55 [INFO] [snatch][fetch wait][url=http://www.sootoo.com/content/news/?page=2]
2016-03-10 10:35:55 [INFO] [snatch][fetch wait][url=http://www.ifanr.com/]
2016-03-10 10:35:55 [INFO] [snatch][fetch wait][url=http://www.donews.com/original/]
2016-03-10 10:35:55 [INFO] [snatch][fetch wait][url=http://www.pencilnews.cn/]
2016-03-10 10:35:56 [INFO] [snatch][fetch wait][url=http://www.2b.cn/]
2016-03-10 10:35:56 [INFO] [snatch][fetch wait][url=http://www.jiemian.com/lists/4.html]
