2015-12-31 17:47:50 [INFO] [snatch][fetch wait][url=http://www.huxiu.com/]
2015-12-31 17:47:51 [INFO] [snatch][fetch wait][url=http://tech.qq.com/]
2015-12-31 17:47:51 [INFO] [snatch][fetch wait][url=http://tech.sina.com.cn/]
2015-12-31 17:47:51 [INFO] [snatch][fetch wait][url=http://tech.163.com/]
2015-12-31 17:47:52 [INFO] [snatch][fetch wait][url=http://www.lieyunwang.com/archives]
2015-12-31 17:47:52 [INFO] [snatch][fetch wait][url=http://www.iyiou.com/]
2015-12-31 17:47:52 [INFO] [snatch][fetch wait][url=http://www.iheima.com/]
2015-12-31 17:47:52 [INFO] [snatch][fetch wait][url=http://www.pedaily.cn/]
2015-12-31 17:47:52 [INFO] [snatch][fetch wait][url=http://www.leiphone.com/]
2015-12-31 17:47:53 [INFO] [snatch][fetch wait][url=http://www.leiphone.com/page/2#lph-pageList]
2015-12-31 17:47:54 [INFO] [snatch][fetch wait][url=http://www.pingwest.com/]
2015-12-31 17:47:54 [INFO] [snatch][fetch wait][url=http://www.geekpark.net/]
2015-12-31 17:47:54 [INFO] [snatch][fetch wait][url=http://www.tmtpost.com/]
2015-12-31 17:47:55 [INFO] [snatch][fetch wait][url=http://www.techweb.com.cn/news/]
2015-12-31 17:47:55 [INFO] [snatch][fetch wait][url=http://www.techweb.com.cn/news/list_2.shtml]
2015-12-31 17:47:56 [INFO] [snatch][fetch wait][url=http://www.ikanchai.com/]
2015-12-31 17:47:56 [INFO] [snatch][fetch wait][url=http://www.cnbeta.com/]
2015-12-31 17:47:56 [INFO] [snatch][fetch wait][url=http://www.pintu360.com/]
2015-12-31 17:47:56 [INFO] [snatch][fetch wait][url=http://www.21jingji.com/channel/biz/itkeji/]
2015-12-31 17:47:57 [INFO] [snatch][fetch wait][url=http://www.duozhi.com/]
2015-12-31 17:47:57 [INFO] [snatch][fetch wait][url=http://www.jiemodui.com/]
2015-12-31 17:47:57 [INFO] [snatch][fetch wait][url=http://www.pinchain.com/]
2015-12-31 17:47:58 [INFO] [snatch][fetch wait][url=http://www.traveldaily.cn/]
2015-12-31 17:47:59 [INFO] [snatch][fetch wait][url=http://www.vcbeat.net/]
2015-12-31 17:47:59 [INFO] [snatch][fetch wait][url=http://www.cheyun.com/]
2015-12-31 17:47:59 [INFO] [snatch][fetch wait][url=http://www.techmeme.com/]
2015-12-31 17:48:00 [INFO] [snatch][fetch wait][url=http://venturebeat.com/]
2015-12-31 17:48:05 [INFO] [snatch][fetch wait][url=http://www.businessinsider.com/sai]
2015-12-31 17:48:08 [INFO] [snatch][fetch wait][url=http://news.mydrivers.com/]
2015-12-31 17:48:08 [INFO] [snatch][fetch wait][url=http://www.sootoo.com/content/news/]
2015-12-31 17:48:08 [INFO] [snatch][fetch wait][url=http://www.sootoo.com/content/news/?page=2]
2016-01-04 10:13:09 [INFO] [snatch][fetch wait][url=http://www.huxiu.com/]
2016-01-04 10:13:09 [INFO] [snatch][fetch wait][url=http://tech.qq.com/]
2016-01-04 10:13:09 [INFO] [snatch][fetch wait][url=http://tech.sina.com.cn/]
2016-01-04 10:13:10 [INFO] [snatch][fetch wait][url=http://tech.163.com/]
2016-01-04 10:13:10 [INFO] [snatch][fetch wait][url=http://www.lieyunwang.com/archives]
2016-01-04 10:13:11 [INFO] [snatch][fetch wait][url=http://www.iyiou.com/]
2016-01-04 10:13:11 [INFO] [snatch][fetch wait][url=http://www.iheima.com/]
2016-01-04 10:13:11 [INFO] [snatch][fetch wait][url=http://www.pedaily.cn/]
2016-01-04 10:13:11 [INFO] [snatch][fetch wait][url=http://www.leiphone.com/]
2016-01-04 10:13:12 [INFO] [snatch][fetch wait][url=http://www.leiphone.com/page/2#lph-pageList]
2016-01-04 10:13:13 [INFO] [snatch][fetch wait][url=http://www.pingwest.com/]
2016-01-04 10:13:13 [INFO] [snatch][fetch wait][url=http://www.geekpark.net/]
2016-01-04 10:13:13 [INFO] [snatch][fetch wait][url=http://www.tmtpost.com/]
2016-01-04 10:13:14 [INFO] [snatch][fetch wait][url=http://www.techweb.com.cn/news/]
2016-01-04 10:13:14 [INFO] [snatch][fetch wait][url=http://www.techweb.com.cn/news/list_2.shtml]
2016-01-04 10:13:15 [INFO] [snatch][fetch wait][url=http://www.ikanchai.com/]
2016-01-04 10:13:15 [INFO] [snatch][fetch wait][url=http://www.cnbeta.com/]
2016-01-04 10:13:15 [INFO] [snatch][fetch wait][url=http://www.pintu360.com/]
2016-01-04 10:13:15 [INFO] [snatch][fetch wait][url=http://www.21jingji.com/channel/biz/itkeji/]
2016-01-04 10:13:17 [INFO] [snatch][fetch wait][url=http://www.duozhi.com/]
2016-01-04 10:13:17 [INFO] [snatch][fetch wait][url=http://www.jiemodui.com/]
2016-01-04 10:13:17 [INFO] [snatch][fetch wait][url=http://www.pinchain.com/]
2016-01-04 10:13:18 [INFO] [snatch][fetch wait][url=http://www.traveldaily.cn/]
2016-01-04 10:13:18 [INFO] [snatch][fetch wait][url=http://www.vcbeat.net/]
2016-01-04 10:13:19 [INFO] [snatch][fetch wait][url=http://www.cheyun.com/]
2016-01-04 10:13:19 [INFO] [snatch][fetch wait][url=http://www.techmeme.com/]
2016-01-04 10:13:20 [INFO] [snatch][fetch wait][url=http://venturebeat.com/]
2016-01-04 10:13:24 [INFO] [snatch][fetch wait][url=http://www.businessinsider.com/sai]
2016-01-04 10:13:25 [INFO] [snatch][fetch wait][url=http://news.mydrivers.com/]
2016-01-04 10:13:25 [INFO] [snatch][fetch wait][url=http://www.sootoo.com/content/news/]
2016-01-04 10:13:25 [INFO] [snatch][fetch wait][url=http://www.sootoo.com/content/news/?page=2]
2016-01-04 10:16:46 [INFO] [snatch][fetch wait][url=http://www.sootoo.com/content/news/]
2016-01-04 10:16:46 [INFO] [snatch][fetch wait][url=http://www.sootoo.com/content/news/?page=2]
2016-01-04 10:18:16 [INFO] [snatch][fetch wait][url=http://www.sootoo.com/content/news/]
2016-01-04 10:18:16 [INFO] [snatch][fetch wait][url=http://www.sootoo.com/content/news/?page=2]
2016-01-04 10:19:33 [INFO] [snatch][fetch wait][url=http://www.sootoo.com/content/news/]
2016-01-04 10:19:33 [INFO] [snatch][fetch wait][url=http://www.sootoo.com/content/news/?page=2]
2016-01-04 10:26:21 [INFO] [snatch][fetch wait][url=http://www.sootoo.com/content/news/]
2016-01-04 10:26:21 [INFO] [snatch][fetch wait][url=http://www.sootoo.com/content/news/?page=2]
2016-01-04 10:27:42 [INFO] [snatch][fetch wait][url=http://www.sootoo.com/content/news/]
2016-01-04 10:27:42 [INFO] [snatch][fetch wait][url=http://www.sootoo.com/content/news/?page=2]
2016-01-04 10:28:03 [INFO] [snatch][fetch wait][url=http://www.sootoo.com/content/news/]
2016-01-04 10:28:03 [INFO] [snatch][fetch wait][url=http://www.sootoo.com/content/news/?page=2]
2016-01-04 10:29:17 [INFO] [snatch][fetch wait][url=http://www.sootoo.com/content/news/]
2016-01-04 10:29:17 [INFO] [snatch][fetch wait][url=http://www.sootoo.com/content/news/?page=2]
2016-01-04 10:31:44 [INFO] [snatch][fetch wait][url=http://www.sootoo.com/content/news/]
2016-01-04 10:31:44 [INFO] [snatch][fetch wait][url=http://www.sootoo.com/content/news/?page=2]
2016-01-04 10:33:03 [INFO] [snatch][fetch wait][url=http://www.sootoo.com/content/news/]
2016-01-04 10:33:03 [INFO] [snatch][fetch wait][url=http://www.sootoo.com/content/news/?page=2]
2016-01-04 10:34:01 [INFO] [snatch][fetch wait][url=http://www.sootoo.com/content/news/]
2016-01-04 10:34:01 [INFO] [snatch][fetch wait][url=http://www.sootoo.com/content/news/?page=2]
2016-01-04 10:34:17 [INFO] [snatch][fetch wait][url=http://www.sootoo.com/content/news/]
2016-01-04 10:34:17 [INFO] [snatch][fetch wait][url=http://www.sootoo.com/content/news/?page=2]
2016-01-04 10:34:35 [INFO] [snatch][fetch wait][url=http://www.sootoo.com/content/news/]
2016-01-04 10:34:35 [INFO] [snatch][fetch wait][url=http://www.sootoo.com/content/news/?page=2]
2016-01-04 10:34:47 [INFO] [snatch][fetch wait][url=http://www.sootoo.com/content/news/]
2016-01-04 10:34:47 [INFO] [snatch][fetch wait][url=http://www.sootoo.com/content/news/?page=2]
2016-01-04 10:35:58 [INFO] [snatch][fetch wait][url=http://www.sootoo.com/content/news/]
2016-01-04 10:35:58 [INFO] [snatch][fetch wait][url=http://www.sootoo.com/content/news/?page=2]
2016-01-04 10:36:21 [INFO] [snatch][fetch wait][url=http://www.sootoo.com/content/news/]
2016-01-04 10:36:21 [INFO] [snatch][fetch wait][url=http://www.sootoo.com/content/news/?page=2]
2016-01-04 10:36:44 [INFO] [snatch][fetch wait][url=http://www.sootoo.com/content/news/]
2016-01-04 10:36:44 [INFO] [snatch][fetch wait][url=http://www.sootoo.com/content/news/?page=2]
2016-01-04 10:45:08 [INFO] [snatch][fetch wait][url=http://www.sootoo.com/content/news/]
2016-01-04 10:45:08 [ERROR] url request timeout
2016-01-04 10:45:11 [INFO] [snatch][fetch wait][url=http://www.sootoo.com/content/news/]
2016-01-04 10:45:11 [ERROR] url request timeout
2016-01-04 10:45:47 [INFO] [snatch][fetch wait][url=http://www.sootoo.com/content/news/]
2016-01-04 10:45:47 [ERROR] url request timeout
2016-01-04 10:46:26 [INFO] [snatch][fetch wait][url=http://www.sootoo.com/content/news/]
2016-01-04 10:46:26 [ERROR] url request timeout
2016-01-04 10:46:58 [INFO] [snatch][fetch wait][url=http://www.sootoo.com/content/news/]
2016-01-04 10:46:58 [ERROR] url request timeout
2016-01-04 10:47:02 [INFO] [snatch][fetch wait][url=http://www.sootoo.com/content/news/]
2016-01-04 10:47:02 [ERROR] url request timeout
2016-01-04 10:47:34 [INFO] [snatch][fetch wait][url=http://www.sootoo.com/content/news/]
2016-01-04 10:47:34 [ERROR] url request timeout
2016-01-04 10:48:11 [INFO] [snatch][fetch wait][url=http://www.sootoo.com/content/news/]
2016-01-04 10:48:11 [ERROR] url request timeout
2016-01-04 10:48:33 [INFO] [snatch][fetch wait][url=http://www.sootoo.com/content/news/]
2016-01-04 10:48:33 [ERROR] url request timeout
2016-01-04 10:49:24 [INFO] [snatch][fetch wait][url=http://www.sootoo.com/content/news/]
2016-01-04 10:49:24 [INFO] [snatch][fetch wait][url=http://www.sootoo.com/content/news/?page=2]
2016-01-04 10:50:00 [INFO] [snatch][fetch wait][url=http://www.sootoo.com/content/news/]
2016-01-04 10:50:00 [ERROR] url request timeout
2016-01-04 10:50:33 [INFO] [snatch][fetch wait][url=http://www.sootoo.com/content/news/]
2016-01-04 10:50:33 [INFO] [snatch][fetch wait][url=http://www.sootoo.com/content/news/?page=2]
2016-01-04 10:50:53 [INFO] [snatch][fetch wait][url=http://www.sootoo.com/content/news/]
2016-01-04 10:50:53 [INFO] [snatch][fetch wait][url=http://www.sootoo.com/content/news/?page=2]
2016-01-04 10:51:13 [INFO] [snatch][fetch wait][url=http://www.sootoo.com/content/news/]
2016-01-04 10:51:13 [INFO] [snatch][fetch wait][url=http://www.sootoo.com/content/news/?page=2]
2016-01-04 10:52:15 [INFO] [snatch][fetch wait][url=http://www.sootoo.com/content/news/]
2016-01-04 10:52:15 [INFO] [snatch][fetch wait][url=http://www.sootoo.com/content/news/?page=2]
2016-01-04 10:52:34 [INFO] [snatch][fetch wait][url=http://www.sootoo.com/content/news/]
2016-01-04 10:52:34 [INFO] [snatch][fetch wait][url=http://www.sootoo.com/content/news/?page=2]
2016-01-04 10:53:00 [INFO] [snatch][fetch wait][url=http://www.sootoo.com/content/news/]
2016-01-04 10:53:00 [INFO] [snatch][fetch wait][url=http://www.sootoo.com/content/news/?page=2]
2016-01-04 10:53:59 [INFO] [snatch][fetch wait][url=http://www.sootoo.com/content/news/]
2016-01-04 10:53:59 [INFO] [snatch][fetch wait][url=http://www.sootoo.com/content/news/?page=2]
2016-01-04 10:54:38 [INFO] [snatch][fetch wait][url=http://www.sootoo.com/content/news/]
2016-01-04 10:54:38 [INFO] [snatch][fetch wait][url=http://www.sootoo.com/content/news/?page=2]
2016-01-04 10:54:44 [INFO] [snatch][fetch wait][url=http://www.sootoo.com/content/news/]
2016-01-04 10:54:44 [INFO] [snatch][fetch wait][url=http://www.sootoo.com/content/news/?page=2]
2016-01-04 10:58:04 [INFO] [snatch][fetch wait][url=http://www.sootoo.com/content/news/]
2016-01-04 10:58:04 [ERROR] url request timeout
2016-01-04 10:58:55 [INFO] [snatch][fetch wait][url=http://www.sootoo.com/content/news/]
2016-01-04 11:00:34 [INFO] [snatch][fetch wait][url=http://www.sootoo.com/content/news/]
2016-01-04 11:00:34 [ERROR] error:global name 'ur' is not defined
2016-01-04 11:01:44 [INFO] [snatch][fetch wait][url=http://www.sootoo.com/content/news/]
2016-01-04 11:01:44 [ERROR] error:File not open for reading
2016-01-04 11:02:46 [INFO] [snatch][fetch wait][url=http://www.sootoo.com/content/news/]
2016-01-04 11:02:46 [ERROR] error:File not open for reading
2016-01-04 11:03:09 [INFO] [snatch][fetch wait][url=http://www.sootoo.com/content/news/]
2016-01-04 11:03:09 [ERROR] error:File not open for reading
2016-01-04 11:08:47 [INFO] [snatch][fetch wait][url=http://www.sootoo.com/content/news/]
2016-01-04 11:08:47 [ERROR] error:File not open for reading
2016-01-04 11:08:58 [INFO] [snatch][fetch wait][url=http://www.sootoo.com/content/news/]
2016-01-04 11:08:58 [ERROR] error:File not open for reading
2016-01-04 11:09:54 [INFO] [snatch][fetch wait][url=http://www.sootoo.com/content/news/]
2016-01-04 11:09:54 [ERROR] error:File not open for reading
2016-01-04 11:10:54 [INFO] [snatch][fetch wait][url=http://www.sootoo.com/content/news/]
2016-01-04 11:10:55 [ERROR] error:File not open for reading
2016-01-04 11:11:20 [INFO] [snatch][fetch wait][url=http://www.sootoo.com/content/news/]
2016-01-04 11:11:20 [ERROR] error:File not open for reading
2016-01-04 11:12:37 [INFO] [snatch][fetch wait][url=http://www.sootoo.com/content/news/]
2016-01-04 11:12:37 [INFO] [snatch][fetch wait][url=http://www.sootoo.com/content/news/?page=2]
2016-01-04 11:13:06 [INFO] [snatch][fetch wait][url=http://www.sootoo.com/content/news/]
2016-01-04 11:13:06 [INFO] [snatch][fetch wait][url=http://www.sootoo.com/content/news/?page=2]
2016-01-04 11:13:15 [INFO] [snatch][fetch wait][url=http://www.sootoo.com/content/news/]
2016-01-04 11:13:15 [INFO] [snatch][fetch wait][url=http://www.sootoo.com/content/news/?page=2]
2016-01-04 11:13:52 [INFO] [snatch][fetch wait][url=http://www.sootoo.com/content/news/]
2016-01-04 11:13:52 [INFO] [snatch][fetch wait][url=http://www.sootoo.com/content/news/?page=2]
2016-01-04 11:14:15 [INFO] [snatch][fetch wait][url=http://www.sootoo.com/content/news/]
2016-01-04 11:14:15 [INFO] [snatch][fetch wait][url=http://www.sootoo.com/content/news/?page=2]
2016-01-04 11:21:07 [INFO] [snatch][fetch wait][url=http://www.sootoo.com/content/news/]
2016-01-04 11:21:07 [INFO] [snatch][fetch wait][url=http://www.sootoo.com/content/news/?page=2]
2016-01-04 11:21:18 [INFO] [snatch][fetch wait][url=http://www.sootoo.com/content/news/]
2016-01-04 11:21:18 [INFO] [snatch][fetch wait][url=http://www.sootoo.com/content/news/?page=2]
2016-01-04 11:23:16 [INFO] [snatch][fetch wait][url=http://www.huxiu.com/]
2016-01-04 11:23:17 [INFO] [snatch][fetch wait][url=http://tech.qq.com/]
2016-01-04 11:23:17 [INFO] [snatch][fetch wait][url=http://tech.sina.com.cn/]
2016-01-04 11:23:17 [INFO] [snatch][fetch wait][url=http://tech.163.com/]
2016-01-04 11:23:18 [INFO] [snatch][fetch wait][url=http://www.lieyunwang.com/archives]
2016-01-04 11:23:18 [INFO] [snatch][fetch wait][url=http://www.iyiou.com/]
2016-01-04 11:23:18 [INFO] [snatch][fetch wait][url=http://www.iheima.com/]
2016-01-04 11:23:18 [INFO] [snatch][fetch wait][url=http://www.pedaily.cn/]
2016-01-04 11:23:20 [INFO] [snatch][fetch wait][url=http://www.leiphone.com/]
2016-01-04 11:23:20 [INFO] [snatch][fetch wait][url=http://www.leiphone.com/page/2#lph-pageList]
2016-01-04 11:23:20 [INFO] [snatch][fetch wait][url=http://www.pingwest.com/]
2016-01-04 11:23:20 [INFO] [snatch][fetch wait][url=http://www.geekpark.net/]
2016-01-04 11:23:21 [ERROR] error:File not open for reading
2016-01-04 11:23:21 [INFO] [snatch][fetch wait][url=http://www.tmtpost.com/]
2016-01-04 11:23:21 [INFO] [snatch][fetch wait][url=http://www.techweb.com.cn/news/]
2016-01-04 11:23:23 [INFO] [snatch][fetch wait][url=http://www.techweb.com.cn/news/list_2.shtml]
2016-01-04 11:23:23 [INFO] [snatch][fetch wait][url=http://www.ikanchai.com/]
2016-01-04 11:23:23 [INFO] [snatch][fetch wait][url=http://www.cnbeta.com/]
2016-01-04 11:23:24 [INFO] [snatch][fetch wait][url=http://www.pintu360.com/]
2016-01-04 11:23:24 [INFO] [snatch][fetch wait][url=http://www.21jingji.com/channel/biz/itkeji/]
2016-01-04 11:23:24 [INFO] [snatch][fetch wait][url=http://www.duozhi.com/]
2016-01-04 11:23:24 [INFO] [snatch][fetch wait][url=http://www.jiemodui.com/]
2016-01-04 11:23:25 [INFO] [snatch][fetch wait][url=http://www.pinchain.com/]
2016-01-04 11:23:26 [INFO] [snatch][fetch wait][url=http://www.traveldaily.cn/]
2016-01-04 11:23:26 [INFO] [snatch][fetch wait][url=http://www.vcbeat.net/]
2016-01-04 11:23:26 [INFO] [snatch][fetch wait][url=http://www.cheyun.com/]
2016-01-04 11:23:27 [INFO] [snatch][fetch wait][url=http://www.techmeme.com/]
2016-01-04 11:23:28 [INFO] [snatch][fetch wait][url=http://venturebeat.com/]
2016-01-04 11:23:29 [INFO] [snatch][fetch wait][url=http://www.businessinsider.com/sai]
2016-01-04 11:23:31 [INFO] [snatch][fetch wait][url=http://news.mydrivers.com/]
2016-01-04 11:23:31 [INFO] [snatch][fetch wait][url=http://www.sootoo.com/content/news/]
2016-01-04 11:23:31 [INFO] [snatch][fetch wait][url=http://www.sootoo.com/content/news/?page=2]
2016-01-04 11:27:10 [INFO] [snatch][fetch wait][url=http://www.huxiu.com/]
2016-01-04 11:27:11 [INFO] [snatch][fetch wait][url=http://tech.qq.com/]
2016-01-04 11:27:11 [INFO] [snatch][fetch wait][url=http://tech.sina.com.cn/]
2016-01-04 11:27:11 [INFO] [snatch][fetch wait][url=http://tech.163.com/]
2016-01-04 11:27:12 [INFO] [snatch][fetch wait][url=http://www.lieyunwang.com/archives]
2016-01-04 11:27:12 [INFO] [snatch][fetch wait][url=http://www.iyiou.com/]
2016-01-04 11:27:13 [INFO] [snatch][fetch wait][url=http://www.iheima.com/]
2016-01-04 11:27:13 [INFO] [snatch][fetch wait][url=http://www.pedaily.cn/]
2016-01-04 11:27:13 [INFO] [snatch][fetch wait][url=http://www.leiphone.com/]
2016-01-04 11:27:13 [INFO] [snatch][fetch wait][url=http://www.leiphone.com/page/2#lph-pageList]
2016-01-04 11:27:13 [INFO] [snatch][fetch wait][url=http://www.pingwest.com/]
2016-01-04 11:27:14 [INFO] [snatch][fetch wait][url=http://www.geekpark.net/]
2016-01-04 11:27:14 [ERROR] error:File not open for reading
2016-01-04 11:27:14 [INFO] [snatch][fetch wait][url=http://www.tmtpost.com/]
2016-01-04 11:27:15 [INFO] [snatch][fetch wait][url=http://www.techweb.com.cn/news/]
2016-01-04 11:27:15 [INFO] [snatch][fetch wait][url=http://www.techweb.com.cn/news/list_2.shtml]
2016-01-04 11:27:16 [INFO] [snatch][fetch wait][url=http://www.ikanchai.com/]
2016-01-04 11:27:16 [INFO] [snatch][fetch wait][url=http://www.cnbeta.com/]
2016-01-04 11:27:17 [INFO] [snatch][fetch wait][url=http://www.pintu360.com/]
2016-01-04 11:27:17 [INFO] [snatch][fetch wait][url=http://www.21jingji.com/channel/biz/itkeji/]
2016-01-04 11:27:17 [INFO] [snatch][fetch wait][url=http://www.duozhi.com/]
2016-01-04 11:27:17 [INFO] [snatch][fetch wait][url=http://www.jiemodui.com/]
2016-01-04 11:27:18 [INFO] [snatch][fetch wait][url=http://www.pinchain.com/]
2016-01-04 11:27:18 [INFO] [snatch][fetch wait][url=http://www.traveldaily.cn/]
2016-01-04 11:27:19 [INFO] [snatch][fetch wait][url=http://www.vcbeat.net/]
2016-01-04 11:27:19 [INFO] [snatch][fetch wait][url=http://www.cheyun.com/]
2016-01-04 11:27:19 [INFO] [snatch][fetch wait][url=http://news.mydrivers.com/]
2016-01-04 11:27:19 [INFO] [snatch][fetch wait][url=http://www.sootoo.com/content/news/]
2016-01-04 11:27:19 [INFO] [snatch][fetch wait][url=http://www.sootoo.com/content/news/?page=2]
2016-01-04 11:29:03 [INFO] [snatch][fetch wait][url=http://www.huxiu.com/]
2016-01-04 11:29:03 [INFO] [snatch][fetch wait][url=http://tech.qq.com/]
2016-01-04 11:29:04 [INFO] [snatch][fetch wait][url=http://tech.sina.com.cn/]
2016-01-04 11:29:04 [INFO] [snatch][fetch wait][url=http://tech.163.com/]
2016-01-04 11:29:04 [INFO] [snatch][fetch wait][url=http://www.lieyunwang.com/archives]
2016-01-04 11:29:05 [INFO] [snatch][fetch wait][url=http://www.iyiou.com/]
2016-01-04 11:29:05 [INFO] [snatch][fetch wait][url=http://www.iheima.com/]
2016-01-04 11:29:05 [INFO] [snatch][fetch wait][url=http://www.pedaily.cn/]
2016-01-04 11:29:05 [INFO] [snatch][fetch wait][url=http://www.leiphone.com/]
2016-01-04 11:29:05 [INFO] [snatch][fetch wait][url=http://www.leiphone.com/page/2#lph-pageList]
2016-01-04 11:29:06 [INFO] [snatch][fetch wait][url=http://www.pingwest.com/]
2016-01-04 11:29:06 [INFO] [snatch][fetch wait][url=http://www.geekpark.net/]
2016-01-04 11:29:54 [INFO] [snatch][fetch wait][url=http://www.huxiu.com/]
2016-01-04 11:29:54 [INFO] [snatch][fetch wait][url=http://tech.qq.com/]
2016-01-04 11:29:55 [INFO] [snatch][fetch wait][url=http://tech.sina.com.cn/]
2016-01-04 11:29:55 [INFO] [snatch][fetch wait][url=http://tech.163.com/]
2016-01-04 11:29:55 [INFO] [snatch][fetch wait][url=http://www.lieyunwang.com/archives]
2016-01-04 11:29:56 [INFO] [snatch][fetch wait][url=http://www.iyiou.com/]
2016-01-04 11:29:56 [INFO] [snatch][fetch wait][url=http://www.iheima.com/]
2016-01-04 11:29:56 [INFO] [snatch][fetch wait][url=http://www.pedaily.cn/]
2016-01-04 11:29:56 [INFO] [snatch][fetch wait][url=http://www.leiphone.com/]
2016-01-04 11:29:56 [INFO] [snatch][fetch wait][url=http://www.leiphone.com/page/2#lph-pageList]
2016-01-04 11:29:56 [INFO] [snatch][fetch wait][url=http://www.pingwest.com/]
2016-01-04 11:29:57 [INFO] [snatch][fetch wait][url=http://www.geekpark.net/]
2016-01-04 11:30:38 [INFO] [snatch][fetch wait][url=http://www.huxiu.com/]
2016-01-04 11:30:39 [INFO] [snatch][fetch wait][url=http://tech.qq.com/]
2016-01-04 11:30:39 [INFO] [snatch][fetch wait][url=http://tech.sina.com.cn/]
2016-01-04 11:30:40 [INFO] [snatch][fetch wait][url=http://tech.163.com/]
2016-01-04 11:30:40 [INFO] [snatch][fetch wait][url=http://www.lieyunwang.com/archives]
2016-01-04 11:30:40 [INFO] [snatch][fetch wait][url=http://www.iyiou.com/]
2016-01-04 11:30:41 [INFO] [snatch][fetch wait][url=http://www.iheima.com/]
2016-01-04 11:30:41 [INFO] [snatch][fetch wait][url=http://www.pedaily.cn/]
2016-01-04 11:30:41 [INFO] [snatch][fetch wait][url=http://www.leiphone.com/]
2016-01-04 11:30:43 [INFO] [snatch][fetch wait][url=http://www.leiphone.com/page/2#lph-pageList]
2016-01-04 11:30:44 [INFO] [snatch][fetch wait][url=http://www.pingwest.com/]
2016-01-04 11:30:44 [INFO] [snatch][fetch wait][url=http://www.geekpark.net/]
2016-01-04 11:31:14 [INFO] [snatch][fetch wait][url=http://www.huxiu.com/]
2016-01-04 11:31:14 [INFO] [snatch][fetch wait][url=http://tech.qq.com/]
2016-01-04 11:31:15 [INFO] [snatch][fetch wait][url=http://tech.sina.com.cn/]
2016-01-04 11:31:27 [INFO] [snatch][fetch wait][url=http://tech.163.com/]
2016-01-04 11:31:27 [INFO] [snatch][fetch wait][url=http://www.lieyunwang.com/archives]
2016-01-04 11:31:27 [INFO] [snatch][fetch wait][url=http://www.iyiou.com/]
2016-01-04 11:31:28 [INFO] [snatch][fetch wait][url=http://www.iheima.com/]
2016-01-04 11:31:28 [INFO] [snatch][fetch wait][url=http://www.pedaily.cn/]
2016-01-04 11:31:28 [INFO] [snatch][fetch wait][url=http://www.leiphone.com/]
2016-01-04 11:31:28 [INFO] [snatch][fetch wait][url=http://www.leiphone.com/page/2#lph-pageList]
2016-01-04 11:31:28 [INFO] [snatch][fetch wait][url=http://www.pingwest.com/]
2016-01-04 11:31:28 [INFO] [snatch][fetch wait][url=http://www.geekpark.net/]
2016-01-04 11:32:00 [INFO] [snatch][fetch wait][url=http://www.huxiu.com/]
2016-01-04 11:32:00 [INFO] [snatch][fetch wait][url=http://tech.qq.com/]
2016-01-04 11:32:00 [INFO] [snatch][fetch wait][url=http://tech.sina.com.cn/]
2016-01-04 11:32:01 [INFO] [snatch][fetch wait][url=http://tech.163.com/]
2016-01-04 11:32:01 [INFO] [snatch][fetch wait][url=http://www.lieyunwang.com/archives]
2016-01-04 11:32:01 [INFO] [snatch][fetch wait][url=http://www.iyiou.com/]
2016-01-04 11:32:02 [INFO] [snatch][fetch wait][url=http://www.iheima.com/]
2016-01-04 11:32:02 [INFO] [snatch][fetch wait][url=http://www.pedaily.cn/]
2016-01-04 11:32:02 [INFO] [snatch][fetch wait][url=http://www.leiphone.com/]
2016-01-04 11:32:02 [INFO] [snatch][fetch wait][url=http://www.leiphone.com/page/2#lph-pageList]
2016-01-04 11:32:03 [INFO] [snatch][fetch wait][url=http://www.pingwest.com/]
2016-01-04 11:32:04 [INFO] [snatch][fetch wait][url=http://www.geekpark.net/]
2016-01-04 11:33:23 [INFO] [snatch][fetch wait][url=http://www.huxiu.com/]
2016-01-04 11:33:23 [INFO] [snatch][fetch wait][url=http://tech.qq.com/]
2016-01-04 11:33:23 [INFO] [snatch][fetch wait][url=http://tech.sina.com.cn/]
2016-01-04 11:33:24 [INFO] [snatch][fetch wait][url=http://tech.163.com/]
2016-01-04 11:33:24 [INFO] [snatch][fetch wait][url=http://www.lieyunwang.com/archives]
2016-01-04 11:33:24 [INFO] [snatch][fetch wait][url=http://www.iyiou.com/]
2016-01-04 11:33:25 [INFO] [snatch][fetch wait][url=http://www.iheima.com/]
2016-01-04 11:33:25 [INFO] [snatch][fetch wait][url=http://www.pedaily.cn/]
2016-01-04 11:33:25 [INFO] [snatch][fetch wait][url=http://www.leiphone.com/]
2016-01-04 11:33:25 [INFO] [snatch][fetch wait][url=http://www.leiphone.com/page/2#lph-pageList]
2016-01-04 11:33:26 [INFO] [snatch][fetch wait][url=http://www.pingwest.com/]
2016-01-04 11:33:27 [INFO] [snatch][fetch wait][url=http://www.geekpark.net/]
2016-01-04 11:41:25 [INFO] [snatch][fetch wait][url=http://www.geekpark.net/]
2016-01-04 11:41:25 [ERROR] error:File not open for reading
2016-01-04 11:42:12 [INFO] [snatch][fetch wait][url=http://www.geekpark.net/]
2016-01-04 11:42:12 [ERROR] error:File not open for reading
2016-01-04 11:45:18 [INFO] [snatch][fetch wait][url=http://www.geekpark.net/]
2016-01-04 11:45:18 [ERROR] error:File not open for reading
2016-01-04 11:45:32 [INFO] [snatch][fetch wait][url=http://www.geekpark.net/]
2016-01-04 11:45:32 [ERROR] error:File not open for reading
2016-01-04 11:47:20 [INFO] [snatch][fetch wait][url=http://www.geekpark.net/]
2016-01-04 11:47:20 [ERROR] error:File not open for reading
2016-01-04 11:49:43 [INFO] [snatch][fetch wait][url=http://www.geekpark.net/]
2016-01-04 11:49:43 [ERROR] error:argument of type 'NoneType' is not iterable
2016-01-04 11:50:42 [INFO] [snatch][fetch wait][url=http://www.geekpark.net/]
2016-01-04 11:50:42 [ERROR] error:argument of type 'NoneType' is not iterable
2016-01-04 11:52:53 [INFO] [snatch][fetch wait][url=http://www.geekpark.net/]
2016-01-04 11:52:53 [ERROR] error:argument of type 'NoneType' is not iterable
2016-01-04 11:54:29 [INFO] [snatch][fetch wait][url=http://www.geekpark.net/]
2016-01-04 11:54:29 [ERROR] error:argument of type 'NoneType' is not iterable
2016-01-04 11:55:05 [INFO] [snatch][fetch wait][url=http://www.geekpark.net/]
2016-01-04 11:55:06 [ERROR] error:argument of type 'NoneType' is not iterable
2016-01-04 11:56:27 [INFO] [snatch][fetch wait][url=http://www.geekpark.net/]
2016-01-04 11:56:27 [ERROR] error:argument of type 'NoneType' is not iterable
2016-01-04 11:56:56 [INFO] [snatch][fetch wait][url=http://www.geekpark.net/]
2016-01-04 11:56:56 [ERROR] error:argument of type 'NoneType' is not iterable
2016-01-04 11:57:57 [INFO] [snatch][fetch wait][url=http://www.geekpark.net/]
2016-01-04 11:58:38 [INFO] [snatch][fetch wait][url=http://www.geekpark.net/]
2016-01-04 11:59:23 [INFO] [snatch][fetch wait][url=http://www.geekpark.net/]
2016-01-04 12:33:41 [INFO] [snatch][fetch wait][url=http://www.huxiu.com/]
2016-01-04 12:33:41 [INFO] [snatch][fetch wait][url=http://tech.qq.com/]
2016-01-04 12:33:41 [INFO] [snatch][fetch wait][url=http://tech.sina.com.cn/]
2016-01-04 12:33:42 [INFO] [snatch][fetch wait][url=http://tech.163.com/]
2016-01-04 12:33:42 [INFO] [snatch][fetch wait][url=http://www.lieyunwang.com/archives]
2016-01-04 12:33:42 [INFO] [snatch][fetch wait][url=http://www.iyiou.com/]
2016-01-04 12:33:43 [INFO] [snatch][fetch wait][url=http://www.iheima.com/]
2016-01-04 12:33:43 [INFO] [snatch][fetch wait][url=http://www.pedaily.cn/]
2016-01-04 12:33:44 [INFO] [snatch][fetch wait][url=http://www.leiphone.com/]
2016-01-04 12:33:45 [INFO] [snatch][fetch wait][url=http://www.leiphone.com/page/2#lph-pageList]
2016-01-04 12:33:46 [INFO] [snatch][fetch wait][url=http://www.pingwest.com/]
2016-01-04 12:33:46 [INFO] [snatch][fetch wait][url=http://www.geekpark.net/]
2016-01-04 12:33:46 [INFO] [snatch][fetch wait][url=http://www.tmtpost.com/]
2016-01-04 12:33:47 [INFO] [snatch][fetch wait][url=http://www.techweb.com.cn/news/]
2016-01-04 12:34:23 [INFO] [snatch][fetch wait][url=http://www.huxiu.com/]
2016-01-04 12:34:23 [INFO] [snatch][fetch wait][url=http://tech.qq.com/]
2016-01-04 12:34:23 [INFO] [snatch][fetch wait][url=http://tech.sina.com.cn/]
2016-01-04 12:34:24 [INFO] [snatch][fetch wait][url=http://tech.163.com/]
2016-01-04 12:34:24 [INFO] [snatch][fetch wait][url=http://www.lieyunwang.com/archives]
2016-01-04 12:34:26 [INFO] [snatch][fetch wait][url=http://www.iyiou.com/]
2016-01-04 12:34:26 [INFO] [snatch][fetch wait][url=http://www.iheima.com/]
2016-01-04 12:34:26 [INFO] [snatch][fetch wait][url=http://www.pedaily.cn/]
2016-01-04 12:34:26 [INFO] [snatch][fetch wait][url=http://www.leiphone.com/]
2016-01-04 12:34:26 [INFO] [snatch][fetch wait][url=http://www.leiphone.com/page/2#lph-pageList]
2016-01-04 12:34:26 [INFO] [snatch][fetch wait][url=http://www.pingwest.com/]
2016-01-04 12:34:27 [INFO] [snatch][fetch wait][url=http://www.geekpark.net/]
2016-01-04 12:34:27 [INFO] [snatch][fetch wait][url=http://www.tmtpost.com/]
2016-01-04 12:34:27 [INFO] [snatch][fetch wait][url=http://www.techweb.com.cn/news/]
2016-01-04 12:34:28 [INFO] [snatch][fetch wait][url=http://www.techweb.com.cn/news/list_2.shtml]
2016-01-04 12:34:29 [INFO] [snatch][fetch wait][url=http://www.ikanchai.com/]
2016-01-04 12:34:29 [INFO] [snatch][fetch wait][url=http://www.cnbeta.com/]
2016-01-04 12:34:29 [INFO] [snatch][fetch wait][url=http://www.pintu360.com/]
2016-01-04 12:34:29 [INFO] [snatch][fetch wait][url=http://www.21jingji.com/channel/biz/itkeji/]
2016-01-04 12:34:30 [INFO] [snatch][fetch wait][url=http://www.duozhi.com/]
2016-01-04 12:34:30 [INFO] [snatch][fetch wait][url=http://www.jiemodui.com/]
2016-01-04 12:34:30 [INFO] [snatch][fetch wait][url=http://www.pinchain.com/]
2016-01-04 12:34:31 [INFO] [snatch][fetch wait][url=http://www.traveldaily.cn/]
2016-01-04 12:34:31 [INFO] [snatch][fetch wait][url=http://www.vcbeat.net/]
2016-01-04 12:34:32 [INFO] [snatch][fetch wait][url=http://www.cheyun.com/]
2016-01-04 12:34:32 [INFO] [snatch][fetch wait][url=http://news.mydrivers.com/]
2016-01-04 12:34:32 [INFO] [snatch][fetch wait][url=http://www.sootoo.com/content/news/]
2016-01-04 12:34:32 [INFO] [snatch][fetch wait][url=http://www.sootoo.com/content/news/?page=2]
2016-01-04 12:44:16 [INFO] [snatch][fetch wait][url=http://www.huxiu.com/]
2016-01-04 12:44:16 [INFO] [snatch][fetch wait][url=http://tech.qq.com/]
2016-01-04 12:44:16 [INFO] [snatch][fetch wait][url=http://tech.sina.com.cn/]
2016-01-04 12:44:17 [INFO] [snatch][fetch wait][url=http://tech.163.com/]
2016-01-04 12:44:17 [INFO] [snatch][fetch wait][url=http://www.lieyunwang.com/archives]
2016-01-04 12:44:17 [INFO] [snatch][fetch wait][url=http://www.iyiou.com/]
2016-01-04 12:44:18 [INFO] [snatch][fetch wait][url=http://www.iheima.com/]
2016-01-04 12:44:18 [INFO] [snatch][fetch wait][url=http://www.pedaily.cn/]
2016-01-04 12:44:18 [INFO] [snatch][fetch wait][url=http://www.leiphone.com/]
2016-01-04 12:44:19 [INFO] [snatch][fetch wait][url=http://www.leiphone.com/page/2#lph-pageList]
2016-01-04 12:44:20 [ERROR] error:File not open for reading
2016-01-04 12:44:20 [INFO] [snatch][fetch wait][url=http://www.pingwest.com/]
2016-01-04 12:44:20 [INFO] [snatch][fetch wait][url=http://www.geekpark.net/]
2016-01-04 12:44:21 [INFO] [snatch][fetch wait][url=http://www.tmtpost.com/]
2016-01-04 12:44:21 [INFO] [snatch][fetch wait][url=http://www.techweb.com.cn/news/]
2016-01-04 12:44:21 [ERROR] error:File not open for reading
2016-01-04 12:44:21 [INFO] [snatch][fetch wait][url=http://www.ikanchai.com/]
2016-01-04 12:44:21 [INFO] [snatch][fetch wait][url=http://www.cnbeta.com/]
2016-01-04 12:44:22 [INFO] [snatch][fetch wait][url=http://www.pintu360.com/]
2016-01-04 12:44:22 [INFO] [snatch][fetch wait][url=http://www.21jingji.com/channel/biz/itkeji/]
2016-01-04 12:44:22 [INFO] [snatch][fetch wait][url=http://www.duozhi.com/]
2016-01-04 12:44:22 [INFO] [snatch][fetch wait][url=http://www.jiemodui.com/]
2016-01-04 12:44:23 [INFO] [snatch][fetch wait][url=http://www.pinchain.com/]
2016-01-04 12:44:24 [INFO] [snatch][fetch wait][url=http://www.traveldaily.cn/]
2016-01-04 12:44:24 [INFO] [snatch][fetch wait][url=http://www.vcbeat.net/]
2016-01-04 12:44:24 [INFO] [snatch][fetch wait][url=http://www.cheyun.com/]
2016-01-04 12:44:24 [INFO] [snatch][fetch wait][url=http://news.mydrivers.com/]
2016-01-04 12:44:25 [INFO] [snatch][fetch wait][url=http://www.sootoo.com/content/news/]
2016-01-04 12:44:25 [INFO] [snatch][fetch wait][url=http://www.sootoo.com/content/news/?page=2]
2016-01-04 12:44:30 [INFO] [snatch][fetch wait][url=http://www.huxiu.com/]
2016-01-04 12:44:30 [INFO] [snatch][fetch wait][url=http://tech.qq.com/]
2016-01-04 12:44:31 [INFO] [snatch][fetch wait][url=http://tech.sina.com.cn/]
2016-01-04 12:44:31 [INFO] [snatch][fetch wait][url=http://tech.163.com/]
2016-01-04 12:44:31 [INFO] [snatch][fetch wait][url=http://www.lieyunwang.com/archives]
2016-01-04 12:44:32 [INFO] [snatch][fetch wait][url=http://www.iyiou.com/]
2016-01-04 12:44:32 [INFO] [snatch][fetch wait][url=http://www.iheima.com/]
2016-01-04 12:44:32 [INFO] [snatch][fetch wait][url=http://www.pedaily.cn/]
2016-01-04 12:44:32 [INFO] [snatch][fetch wait][url=http://www.leiphone.com/]
2016-01-04 12:44:33 [INFO] [snatch][fetch wait][url=http://www.leiphone.com/page/2#lph-pageList]
2016-01-04 12:44:33 [ERROR] error:File not open for reading
2016-01-04 12:44:33 [INFO] [snatch][fetch wait][url=http://www.pingwest.com/]
2016-01-04 12:44:33 [INFO] [snatch][fetch wait][url=http://www.geekpark.net/]
2016-01-04 12:44:34 [INFO] [snatch][fetch wait][url=http://www.tmtpost.com/]
2016-01-04 12:44:34 [INFO] [snatch][fetch wait][url=http://www.techweb.com.cn/news/]
2016-01-04 12:44:35 [ERROR] error:File not open for reading
2016-01-04 12:44:35 [INFO] [snatch][fetch wait][url=http://www.ikanchai.com/]
2016-01-04 12:44:35 [INFO] [snatch][fetch wait][url=http://www.cnbeta.com/]
2016-01-04 12:44:35 [INFO] [snatch][fetch wait][url=http://www.pintu360.com/]
2016-01-04 12:44:35 [INFO] [snatch][fetch wait][url=http://www.21jingji.com/channel/biz/itkeji/]
2016-01-04 12:44:36 [INFO] [snatch][fetch wait][url=http://www.duozhi.com/]
2016-01-04 12:44:36 [INFO] [snatch][fetch wait][url=http://www.jiemodui.com/]
2016-01-04 12:44:36 [INFO] [snatch][fetch wait][url=http://www.pinchain.com/]
2016-01-04 12:44:37 [INFO] [snatch][fetch wait][url=http://www.traveldaily.cn/]
2016-01-04 12:44:37 [INFO] [snatch][fetch wait][url=http://www.vcbeat.net/]
2016-01-04 12:44:38 [INFO] [snatch][fetch wait][url=http://www.cheyun.com/]
2016-01-04 12:44:38 [INFO] [snatch][fetch wait][url=http://news.mydrivers.com/]
2016-01-04 12:44:38 [INFO] [snatch][fetch wait][url=http://www.sootoo.com/content/news/]
2016-01-04 12:44:38 [INFO] [snatch][fetch wait][url=http://www.sootoo.com/content/news/?page=2]
2016-01-04 12:45:40 [INFO] [snatch][fetch wait][url=http://www.huxiu.com/]
2016-01-04 12:45:40 [INFO] [snatch][fetch wait][url=http://tech.qq.com/]
2016-01-04 12:45:40 [INFO] [snatch][fetch wait][url=http://tech.sina.com.cn/]
2016-01-04 12:45:41 [INFO] [snatch][fetch wait][url=http://tech.163.com/]
2016-01-04 12:45:41 [INFO] [snatch][fetch wait][url=http://www.lieyunwang.com/archives]
2016-01-04 12:45:41 [INFO] [snatch][fetch wait][url=http://www.iyiou.com/]
2016-01-04 12:45:42 [INFO] [snatch][fetch wait][url=http://www.iheima.com/]
2016-01-04 12:45:42 [INFO] [snatch][fetch wait][url=http://www.pedaily.cn/]
2016-01-04 12:45:42 [INFO] [snatch][fetch wait][url=http://www.leiphone.com/]
2016-01-04 12:45:42 [INFO] [snatch][fetch wait][url=http://www.leiphone.com/page/2#lph-pageList]
2016-01-04 12:45:42 [INFO] [snatch][fetch wait][url=http://www.pingwest.com/]
2016-01-04 12:45:43 [INFO] [snatch][fetch wait][url=http://www.geekpark.net/]
2016-01-04 12:45:43 [INFO] [snatch][fetch wait][url=http://www.tmtpost.com/]
2016-01-04 12:45:43 [INFO] [snatch][fetch wait][url=http://www.techweb.com.cn/news/]
2016-01-04 12:45:44 [INFO] [snatch][fetch wait][url=http://www.techweb.com.cn/news/list_2.shtml]
2016-01-04 12:45:44 [INFO] [snatch][fetch wait][url=http://www.ikanchai.com/]
2016-01-04 12:45:45 [INFO] [snatch][fetch wait][url=http://www.cnbeta.com/]
2016-01-04 12:45:45 [INFO] [snatch][fetch wait][url=http://www.pintu360.com/]
2016-01-04 12:45:45 [INFO] [snatch][fetch wait][url=http://www.21jingji.com/channel/biz/itkeji/]
2016-01-04 12:45:46 [INFO] [snatch][fetch wait][url=http://www.duozhi.com/]
2016-01-04 12:45:46 [INFO] [snatch][fetch wait][url=http://www.jiemodui.com/]
2016-01-04 12:45:46 [INFO] [snatch][fetch wait][url=http://www.pinchain.com/]
2016-01-04 12:45:47 [INFO] [snatch][fetch wait][url=http://www.traveldaily.cn/]
2016-01-04 12:45:47 [INFO] [snatch][fetch wait][url=http://www.vcbeat.net/]
2016-01-04 12:45:48 [INFO] [snatch][fetch wait][url=http://www.cheyun.com/]
2016-01-04 12:45:48 [INFO] [snatch][fetch wait][url=http://news.mydrivers.com/]
2016-01-04 12:45:48 [INFO] [snatch][fetch wait][url=http://www.sootoo.com/content/news/]
2016-01-04 12:45:48 [INFO] [snatch][fetch wait][url=http://www.sootoo.com/content/news/?page=2]
2016-01-04 12:46:54 [INFO] [snatch][fetch wait][url=http://www.huxiu.com/]
2016-01-04 12:46:54 [INFO] [snatch][fetch wait][url=http://tech.qq.com/]
2016-01-04 12:46:55 [INFO] [snatch][fetch wait][url=http://tech.sina.com.cn/]
2016-01-04 12:46:55 [INFO] [snatch][fetch wait][url=http://tech.163.com/]
2016-01-04 12:46:55 [INFO] [snatch][fetch wait][url=http://www.lieyunwang.com/archives]
2016-01-04 12:46:56 [INFO] [snatch][fetch wait][url=http://www.iyiou.com/]
2016-01-04 12:46:56 [INFO] [snatch][fetch wait][url=http://www.iheima.com/]
2016-01-04 12:46:56 [INFO] [snatch][fetch wait][url=http://www.pedaily.cn/]
2016-01-04 12:46:56 [INFO] [snatch][fetch wait][url=http://www.leiphone.com/]
2016-01-04 12:46:57 [INFO] [snatch][fetch wait][url=http://www.leiphone.com/page/2#lph-pageList]
2016-01-04 12:46:57 [ERROR] error:File not open for reading
2016-01-04 12:46:57 [INFO] [snatch][fetch wait][url=http://www.pingwest.com/]
2016-01-04 12:46:58 [INFO] [snatch][fetch wait][url=http://www.geekpark.net/]
2016-01-04 12:46:58 [INFO] [snatch][fetch wait][url=http://www.tmtpost.com/]
2016-01-04 12:46:59 [INFO] [snatch][fetch wait][url=http://www.techweb.com.cn/news/]
2016-01-04 12:47:00 [ERROR] error:File not open for reading
2016-01-04 12:47:00 [INFO] [snatch][fetch wait][url=http://www.ikanchai.com/]
2016-01-04 12:47:00 [INFO] [snatch][fetch wait][url=http://www.cnbeta.com/]
2016-01-04 12:47:01 [INFO] [snatch][fetch wait][url=http://www.pintu360.com/]
2016-01-04 12:47:01 [INFO] [snatch][fetch wait][url=http://www.21jingji.com/channel/biz/itkeji/]
2016-01-04 12:47:01 [INFO] [snatch][fetch wait][url=http://www.duozhi.com/]
2016-01-04 12:47:01 [INFO] [snatch][fetch wait][url=http://www.jiemodui.com/]
2016-01-04 12:47:02 [INFO] [snatch][fetch wait][url=http://www.pinchain.com/]
2016-01-04 12:47:02 [INFO] [snatch][fetch wait][url=http://www.traveldaily.cn/]
2016-01-04 12:47:02 [INFO] [snatch][fetch wait][url=http://www.vcbeat.net/]
2016-01-04 12:47:03 [INFO] [snatch][fetch wait][url=http://www.cheyun.com/]
2016-01-04 12:47:03 [INFO] [snatch][fetch wait][url=http://news.mydrivers.com/]
2016-01-04 12:47:03 [INFO] [snatch][fetch wait][url=http://www.sootoo.com/content/news/]
2016-01-04 12:47:03 [INFO] [snatch][fetch wait][url=http://www.sootoo.com/content/news/?page=2]
2016-01-04 12:51:27 [INFO] [snatch][fetch wait][url=http://www.huxiu.com/]
2016-01-04 12:51:27 [INFO] [snatch][fetch wait][url=http://tech.qq.com/]
2016-01-04 12:51:28 [INFO] [snatch][fetch wait][url=http://tech.sina.com.cn/]
2016-01-04 12:51:28 [INFO] [snatch][fetch wait][url=http://tech.163.com/]
2016-01-04 12:51:28 [INFO] [snatch][fetch wait][url=http://www.lieyunwang.com/archives]
2016-01-04 12:54:44 [INFO] [snatch][fetch wait][url=http://www.huxiu.com/]
2016-01-04 12:54:44 [INFO] [snatch][fetch wait][url=http://tech.qq.com/]
2016-01-04 12:54:45 [INFO] [snatch][fetch wait][url=http://tech.sina.com.cn/]
2016-01-04 12:54:45 [INFO] [snatch][fetch wait][url=http://tech.163.com/]
2016-01-04 12:54:45 [INFO] [snatch][fetch wait][url=http://www.lieyunwang.com/archives]
2016-01-04 12:56:37 [INFO] [snatch][fetch wait][url=http://tech.sina.com.cn/]
2016-01-04 12:56:58 [INFO] [snatch][fetch wait][url=http://tech.sina.com.cn/]
2016-01-04 12:57:34 [INFO] [snatch][fetch wait][url=http://tech.sina.com.cn/]
2016-01-04 12:58:11 [INFO] [snatch][fetch wait][url=http://tech.sina.com.cn/]
2016-01-04 12:58:16 [INFO] [snatch][fetch wait][url=http://tech.sina.com.cn/]
2016-01-04 12:58:30 [INFO] [snatch][fetch wait][url=http://tech.sina.com.cn/]
2016-01-04 13:03:27 [INFO] [snatch][fetch wait][url=http://tech.sina.com.cn/]
2016-01-04 13:04:49 [INFO] [snatch][fetch wait][url=http://tech.sina.com.cn/]
2016-01-04 13:19:18 [INFO] [snatch][fetch wait][url=http://tech.sina.com.cn/]
2016-01-04 13:19:44 [INFO] [snatch][fetch wait][url=http://www.huxiu.com/]
2016-01-04 13:20:33 [INFO] [snatch][fetch wait][url=http://www.huxiu.com/]
2016-01-04 13:20:33 [INFO] [snatch][fetch wait][url=http://tech.qq.com/]
2016-01-04 13:20:33 [INFO] [snatch][fetch wait][url=http://tech.sina.com.cn/]
2016-01-04 13:20:34 [INFO] [snatch][fetch wait][url=http://tech.163.com/]
2016-01-04 13:20:34 [INFO] [snatch][fetch wait][url=http://www.lieyunwang.com/archives]
2016-01-04 13:21:30 [INFO] [snatch][fetch wait][url=http://www.huxiu.com/]
2016-01-04 13:21:31 [INFO] [snatch][fetch wait][url=http://tech.qq.com/]
2016-01-04 13:21:31 [INFO] [snatch][fetch wait][url=http://tech.sina.com.cn/]
2016-01-04 13:21:31 [INFO] [snatch][fetch wait][url=http://tech.163.com/]
2016-01-04 13:21:32 [INFO] [snatch][fetch wait][url=http://www.lieyunwang.com/archives]
2016-01-04 13:22:16 [INFO] [snatch][fetch wait][url=http://www.huxiu.com/]
2016-01-04 13:22:16 [INFO] [snatch][fetch wait][url=http://tech.qq.com/]
2016-01-04 13:22:17 [INFO] [snatch][fetch wait][url=http://tech.sina.com.cn/]
2016-01-04 13:22:17 [INFO] [snatch][fetch wait][url=http://tech.163.com/]
2016-01-04 13:22:18 [INFO] [snatch][fetch wait][url=http://www.lieyunwang.com/archives]
2016-01-04 13:22:18 [INFO] [snatch][fetch wait][url=http://www.iyiou.com/]
2016-01-04 13:22:18 [INFO] [snatch][fetch wait][url=http://www.iheima.com/]
2016-01-04 13:22:19 [INFO] [snatch][fetch wait][url=http://www.pedaily.cn/]
2016-01-04 13:22:19 [INFO] [snatch][fetch wait][url=http://www.leiphone.com/]
2016-01-04 13:22:19 [INFO] [snatch][fetch wait][url=http://www.leiphone.com/page/2#lph-pageList]
2016-01-04 13:22:19 [INFO] [snatch][fetch wait][url=http://www.pingwest.com/]
2016-01-04 13:23:03 [INFO] [snatch][fetch wait][url=http://www.huxiu.com/]
2016-01-04 13:23:04 [INFO] [snatch][fetch wait][url=http://tech.qq.com/]
2016-01-04 13:23:04 [INFO] [snatch][fetch wait][url=http://tech.sina.com.cn/]
2016-01-04 13:23:04 [INFO] [snatch][fetch wait][url=http://tech.163.com/]
2016-01-04 13:23:05 [INFO] [snatch][fetch wait][url=http://www.lieyunwang.com/archives]
2016-01-04 13:23:05 [INFO] [snatch][fetch wait][url=http://www.iyiou.com/]
2016-01-04 13:23:05 [INFO] [snatch][fetch wait][url=http://www.iheima.com/]
2016-01-04 13:23:05 [INFO] [snatch][fetch wait][url=http://www.pedaily.cn/]
2016-01-04 13:23:06 [INFO] [snatch][fetch wait][url=http://www.leiphone.com/]
2016-01-04 13:23:06 [INFO] [snatch][fetch wait][url=http://www.leiphone.com/page/2#lph-pageList]
2016-01-04 13:23:06 [INFO] [snatch][fetch wait][url=http://www.pingwest.com/]
2016-01-04 13:23:07 [INFO] [snatch][fetch wait][url=http://www.geekpark.net/]
2016-01-04 13:23:07 [INFO] [snatch][fetch wait][url=http://www.tmtpost.com/]
2016-01-04 13:23:07 [INFO] [snatch][fetch wait][url=http://www.techweb.com.cn/news/]
2016-01-04 13:23:08 [INFO] [snatch][fetch wait][url=http://www.techweb.com.cn/news/list_2.shtml]
2016-01-04 13:23:08 [INFO] [snatch][fetch wait][url=http://www.ikanchai.com/]
2016-01-04 13:23:08 [INFO] [snatch][fetch wait][url=http://www.cnbeta.com/]
2016-01-04 13:23:09 [INFO] [snatch][fetch wait][url=http://www.pintu360.com/]
2016-01-04 13:23:09 [INFO] [snatch][fetch wait][url=http://www.21jingji.com/channel/biz/itkeji/]
2016-01-04 13:23:09 [INFO] [snatch][fetch wait][url=http://www.duozhi.com/]
2016-01-04 13:23:09 [INFO] [snatch][fetch wait][url=http://www.jiemodui.com/]
2016-01-04 13:23:10 [INFO] [snatch][fetch wait][url=http://www.pinchain.com/]
2016-01-04 13:23:10 [INFO] [snatch][fetch wait][url=http://www.traveldaily.cn/]
2016-01-04 13:23:11 [INFO] [snatch][fetch wait][url=http://www.vcbeat.net/]
2016-01-04 13:23:11 [INFO] [snatch][fetch wait][url=http://www.cheyun.com/]
2016-01-04 13:23:11 [INFO] [snatch][fetch wait][url=http://news.mydrivers.com/]
2016-01-04 13:23:11 [INFO] [snatch][fetch wait][url=http://www.sootoo.com/content/news/]
2016-01-04 13:23:11 [INFO] [snatch][fetch wait][url=http://www.sootoo.com/content/news/?page=2]
2016-01-04 13:24:03 [INFO] [snatch][fetch wait][url=http://www.huxiu.com/]
2016-01-04 13:24:04 [INFO] [snatch][fetch wait][url=http://tech.qq.com/]
2016-01-04 13:24:04 [INFO] [snatch][fetch wait][url=http://tech.sina.com.cn/]
2016-01-04 13:24:04 [INFO] [snatch][fetch wait][url=http://tech.163.com/]
2016-01-04 13:24:04 [INFO] [snatch][fetch wait][url=http://www.lieyunwang.com/archives]
2016-01-04 13:24:05 [INFO] [snatch][fetch wait][url=http://www.iyiou.com/]
2016-01-04 13:24:05 [INFO] [snatch][fetch wait][url=http://www.iheima.com/]
2016-01-04 13:24:05 [INFO] [snatch][fetch wait][url=http://www.pedaily.cn/]
2016-01-04 13:24:05 [INFO] [snatch][fetch wait][url=http://www.leiphone.com/]
2016-01-04 13:24:05 [INFO] [snatch][fetch wait][url=http://www.leiphone.com/page/2#lph-pageList]
2016-01-04 13:24:06 [INFO] [snatch][fetch wait][url=http://www.pingwest.com/]
2016-01-04 13:24:07 [INFO] [snatch][fetch wait][url=http://www.geekpark.net/]
2016-01-04 13:24:07 [INFO] [snatch][fetch wait][url=http://www.tmtpost.com/]
2016-01-04 13:24:07 [INFO] [snatch][fetch wait][url=http://www.techweb.com.cn/news/]
2016-01-04 13:24:08 [INFO] [snatch][fetch wait][url=http://www.techweb.com.cn/news/list_2.shtml]
2016-01-04 13:24:08 [INFO] [snatch][fetch wait][url=http://www.ikanchai.com/]
2016-01-04 13:24:09 [INFO] [snatch][fetch wait][url=http://www.cnbeta.com/]
2016-01-04 13:24:09 [INFO] [snatch][fetch wait][url=http://www.pintu360.com/]
2016-01-04 13:24:09 [INFO] [snatch][fetch wait][url=http://www.21jingji.com/channel/biz/itkeji/]
2016-01-04 13:24:09 [INFO] [snatch][fetch wait][url=http://www.duozhi.com/]
2016-01-04 13:24:09 [INFO] [snatch][fetch wait][url=http://www.jiemodui.com/]
2016-01-04 13:24:10 [INFO] [snatch][fetch wait][url=http://www.pinchain.com/]
2016-01-04 13:24:10 [INFO] [snatch][fetch wait][url=http://www.traveldaily.cn/]
2016-01-04 13:24:10 [INFO] [snatch][fetch wait][url=http://www.vcbeat.net/]
2016-01-04 13:24:11 [INFO] [snatch][fetch wait][url=http://www.cheyun.com/]
2016-01-04 13:24:11 [INFO] [snatch][fetch wait][url=http://news.mydrivers.com/]
2016-01-04 13:24:11 [INFO] [snatch][fetch wait][url=http://www.sootoo.com/content/news/]
2016-01-04 13:24:12 [INFO] [snatch][fetch wait][url=http://www.sootoo.com/content/news/?page=2]
2016-01-04 13:28:20 [INFO] [snatch][fetch wait][url=http://www.huxiu.com/]
2016-01-04 13:28:21 [INFO] [snatch][fetch wait][url=http://tech.qq.com/]
2016-01-04 13:28:21 [INFO] [snatch][fetch wait][url=http://tech.sina.com.cn/]
2016-01-04 13:28:21 [INFO] [snatch][fetch wait][url=http://tech.163.com/]
2016-01-04 13:28:22 [INFO] [snatch][fetch wait][url=http://www.lieyunwang.com/archives]
2016-01-04 13:28:22 [INFO] [snatch][fetch wait][url=http://www.iyiou.com/]
2016-01-04 13:28:22 [INFO] [snatch][fetch wait][url=http://www.iheima.com/]
2016-01-04 13:28:22 [INFO] [snatch][fetch wait][url=http://www.pedaily.cn/]
2016-01-04 13:28:22 [INFO] [snatch][fetch wait][url=http://www.leiphone.com/]
2016-01-04 13:28:23 [INFO] [snatch][fetch wait][url=http://www.leiphone.com/page/2#lph-pageList]
2016-01-04 13:28:24 [ERROR] error:File not open for reading
2016-01-04 13:28:24 [INFO] [snatch][fetch wait][url=http://www.pingwest.com/]
2016-01-04 13:28:24 [INFO] [snatch][fetch wait][url=http://www.geekpark.net/]
2016-01-04 13:28:25 [INFO] [snatch][fetch wait][url=http://www.tmtpost.com/]
2016-01-04 13:28:25 [INFO] [snatch][fetch wait][url=http://www.techweb.com.cn/news/]
2016-01-04 13:28:27 [ERROR] error:File not open for reading
2016-01-04 13:28:27 [INFO] [snatch][fetch wait][url=http://www.ikanchai.com/]
2016-01-04 13:28:28 [INFO] [snatch][fetch wait][url=http://www.cnbeta.com/]
2016-01-04 13:28:28 [INFO] [snatch][fetch wait][url=http://www.pintu360.com/]
2016-01-04 13:28:29 [INFO] [snatch][fetch wait][url=http://www.21jingji.com/channel/biz/itkeji/]
2016-01-04 13:28:29 [INFO] [snatch][fetch wait][url=http://www.duozhi.com/]
2016-01-04 13:28:29 [INFO] [snatch][fetch wait][url=http://www.jiemodui.com/]
2016-01-04 13:28:29 [INFO] [snatch][fetch wait][url=http://www.pinchain.com/]
2016-01-04 13:28:30 [INFO] [snatch][fetch wait][url=http://www.traveldaily.cn/]
2016-01-04 13:28:30 [INFO] [snatch][fetch wait][url=http://www.vcbeat.net/]
2016-01-04 13:28:31 [INFO] [snatch][fetch wait][url=http://www.cheyun.com/]
2016-01-04 13:28:31 [INFO] [snatch][fetch wait][url=http://news.mydrivers.com/]
2016-01-04 13:28:31 [INFO] [snatch][fetch wait][url=http://www.sootoo.com/content/news/]
2016-01-04 13:28:31 [INFO] [snatch][fetch wait][url=http://www.sootoo.com/content/news/?page=2]
2016-01-04 13:30:19 [INFO] [snatch][fetch wait][url=http://www.huxiu.com/]
2016-01-04 13:30:19 [INFO] [snatch][fetch wait][url=http://tech.qq.com/]
2016-01-04 13:30:19 [INFO] [snatch][fetch wait][url=http://tech.sina.com.cn/]
2016-01-04 13:30:20 [INFO] [snatch][fetch wait][url=http://tech.163.com/]
2016-01-04 13:30:20 [INFO] [snatch][fetch wait][url=http://www.lieyunwang.com/archives]
2016-01-04 13:30:20 [INFO] [snatch][fetch wait][url=http://www.iyiou.com/]
2016-01-04 13:30:20 [INFO] [snatch][fetch wait][url=http://www.iheima.com/]
2016-01-04 13:30:20 [INFO] [snatch][fetch wait][url=http://www.pedaily.cn/]
2016-01-04 13:30:21 [INFO] [snatch][fetch wait][url=http://www.leiphone.com/]
2016-01-04 13:30:22 [INFO] [snatch][fetch wait][url=http://www.leiphone.com/page/2#lph-pageList]
2016-01-04 13:30:22 [INFO] [snatch][fetch wait][url=http://www.pingwest.com/]
2016-01-04 13:30:22 [INFO] [snatch][fetch wait][url=http://www.geekpark.net/]
2016-01-04 13:30:23 [INFO] [snatch][fetch wait][url=http://www.tmtpost.com/]
2016-01-04 13:30:23 [INFO] [snatch][fetch wait][url=http://www.techweb.com.cn/news/]
2016-01-04 13:30:23 [INFO] [snatch][fetch wait][url=http://www.techweb.com.cn/news/list_2.shtml]
2016-01-04 13:30:24 [INFO] [snatch][fetch wait][url=http://www.ikanchai.com/]
2016-01-04 13:30:25 [INFO] [snatch][fetch wait][url=http://www.cnbeta.com/]
2016-01-04 13:30:26 [INFO] [snatch][fetch wait][url=http://www.pintu360.com/]
2016-01-04 13:30:26 [INFO] [snatch][fetch wait][url=http://www.21jingji.com/channel/biz/itkeji/]
2016-01-04 13:30:26 [INFO] [snatch][fetch wait][url=http://www.duozhi.com/]
2016-01-04 13:30:26 [INFO] [snatch][fetch wait][url=http://www.jiemodui.com/]
2016-01-04 13:30:27 [INFO] [snatch][fetch wait][url=http://www.pinchain.com/]
2016-01-04 13:30:27 [INFO] [snatch][fetch wait][url=http://www.traveldaily.cn/]
2016-01-04 13:30:27 [INFO] [snatch][fetch wait][url=http://www.vcbeat.net/]
2016-01-04 13:30:28 [INFO] [snatch][fetch wait][url=http://www.cheyun.com/]
2016-01-04 13:30:28 [INFO] [snatch][fetch wait][url=http://news.mydrivers.com/]
2016-01-04 13:30:28 [INFO] [snatch][fetch wait][url=http://www.sootoo.com/content/news/]
2016-01-04 13:30:28 [INFO] [snatch][fetch wait][url=http://www.sootoo.com/content/news/?page=2]
2016-01-04 13:31:51 [INFO] [snatch][fetch wait][url=http://www.leiphone.com/]
2016-01-04 13:31:51 [INFO] [snatch][fetch wait][url=http://www.leiphone.com/page/2#lph-pageList]
2016-01-04 13:31:51 [ERROR] error:File not open for reading
2016-01-04 13:33:13 [INFO] [snatch][fetch wait][url=http://www.leiphone.com/]
2016-01-04 13:33:13 [INFO] [snatch][fetch wait][url=http://www.leiphone.com/page/2#lph-pageList]
2016-01-04 13:33:14 [ERROR] error:File not open for reading
2016-01-04 13:34:56 [INFO] [snatch][fetch wait][url=http://www.leiphone.com/]
2016-01-04 13:34:57 [INFO] [snatch][fetch wait][url=http://www.leiphone.com/page/2#lph-pageList]
2016-01-04 13:35:33 [INFO] [snatch][fetch wait][url=http://www.leiphone.com/]
2016-01-04 13:35:33 [INFO] [snatch][fetch wait][url=http://www.leiphone.com/page/2#lph-pageList]
2016-01-04 13:37:42 [INFO] [snatch][fetch wait][url=http://www.leiphone.com/]
2016-01-04 13:37:42 [INFO] [snatch][fetch wait][url=http://www.leiphone.com/page/2#lph-pageList]
2016-01-04 13:40:43 [INFO] [snatch][fetch wait][url=http://www.huxiu.com/]
2016-01-04 13:40:43 [INFO] [snatch][fetch wait][url=http://tech.qq.com/]
2016-01-04 13:40:43 [INFO] [snatch][fetch wait][url=http://tech.sina.com.cn/]
2016-01-04 13:40:44 [INFO] [snatch][fetch wait][url=http://tech.163.com/]
2016-01-04 13:40:44 [INFO] [snatch][fetch wait][url=http://www.lieyunwang.com/archives]
2016-01-04 13:40:44 [INFO] [snatch][fetch wait][url=http://www.iyiou.com/]
2016-01-04 13:40:45 [INFO] [snatch][fetch wait][url=http://www.iheima.com/]
2016-01-04 13:40:45 [INFO] [snatch][fetch wait][url=http://www.pedaily.cn/]
2016-01-04 13:40:46 [INFO] [snatch][fetch wait][url=http://www.leiphone.com/]
2016-01-04 13:40:46 [INFO] [snatch][fetch wait][url=http://www.leiphone.com/page/2#lph-pageList]
2016-01-04 13:40:47 [INFO] [snatch][fetch wait][url=http://www.pingwest.com/]
2016-01-04 13:40:48 [INFO] [snatch][fetch wait][url=http://www.geekpark.net/]
2016-01-04 13:40:48 [INFO] [snatch][fetch wait][url=http://www.tmtpost.com/]
2016-01-04 13:40:48 [INFO] [snatch][fetch wait][url=http://www.techweb.com.cn/news/]
2016-01-04 13:40:50 [ERROR] error:File not open for reading
2016-01-04 13:40:50 [INFO] [snatch][fetch wait][url=http://www.ikanchai.com/]
2016-01-04 13:40:50 [INFO] [snatch][fetch wait][url=http://www.cnbeta.com/]
2016-01-04 13:40:50 [INFO] [snatch][fetch wait][url=http://www.pintu360.com/]
2016-01-04 13:40:50 [INFO] [snatch][fetch wait][url=http://www.21jingji.com/channel/biz/itkeji/]
2016-01-04 13:40:50 [INFO] [snatch][fetch wait][url=http://www.duozhi.com/]
2016-01-04 13:40:51 [INFO] [snatch][fetch wait][url=http://www.jiemodui.com/]
2016-01-04 13:40:51 [INFO] [snatch][fetch wait][url=http://www.pinchain.com/]
2016-01-04 13:40:52 [INFO] [snatch][fetch wait][url=http://www.traveldaily.cn/]
2016-01-04 13:40:52 [INFO] [snatch][fetch wait][url=http://www.vcbeat.net/]
2016-01-04 13:40:54 [INFO] [snatch][fetch wait][url=http://www.cheyun.com/]
2016-01-04 13:40:54 [INFO] [snatch][fetch wait][url=http://news.mydrivers.com/]
2016-01-04 13:40:54 [INFO] [snatch][fetch wait][url=http://www.sootoo.com/content/news/]
2016-01-04 13:40:54 [INFO] [snatch][fetch wait][url=http://www.sootoo.com/content/news/?page=2]
2016-01-04 13:42:41 [INFO] [snatch][fetch wait][url=http://www.huxiu.com/]
2016-01-04 13:42:42 [INFO] [snatch][fetch wait][url=http://tech.qq.com/]
2016-01-04 13:42:42 [INFO] [snatch][fetch wait][url=http://tech.sina.com.cn/]
2016-01-04 13:42:42 [INFO] [snatch][fetch wait][url=http://tech.163.com/]
2016-01-04 13:42:43 [INFO] [snatch][fetch wait][url=http://www.lieyunwang.com/archives]
2016-01-04 13:42:43 [INFO] [snatch][fetch wait][url=http://www.iyiou.com/]
2016-01-04 13:42:43 [INFO] [snatch][fetch wait][url=http://www.iheima.com/]
2016-01-04 13:42:44 [INFO] [snatch][fetch wait][url=http://www.pedaily.cn/]
2016-01-04 13:42:44 [INFO] [snatch][fetch wait][url=http://www.leiphone.com/]
2016-01-04 13:42:44 [INFO] [snatch][fetch wait][url=http://www.leiphone.com/page/2#lph-pageList]
2016-01-04 13:42:44 [INFO] [snatch][fetch wait][url=http://www.pingwest.com/]
2016-01-04 13:42:44 [INFO] [snatch][fetch wait][url=http://www.geekpark.net/]
2016-01-04 13:42:45 [INFO] [snatch][fetch wait][url=http://www.tmtpost.com/]
2016-01-04 13:42:45 [INFO] [snatch][fetch wait][url=http://www.techweb.com.cn/news/]
2016-01-04 13:42:46 [ERROR] error:File not open for reading
2016-01-04 13:42:46 [INFO] [snatch][fetch wait][url=http://www.ikanchai.com/]
2016-01-04 13:42:47 [INFO] [snatch][fetch wait][url=http://www.cnbeta.com/]
2016-01-04 13:42:47 [INFO] [snatch][fetch wait][url=http://www.pintu360.com/]
2016-01-04 13:42:47 [INFO] [snatch][fetch wait][url=http://www.21jingji.com/channel/biz/itkeji/]
2016-01-04 13:42:47 [INFO] [snatch][fetch wait][url=http://www.duozhi.com/]
2016-01-04 13:42:47 [INFO] [snatch][fetch wait][url=http://www.jiemodui.com/]
2016-01-04 13:42:48 [INFO] [snatch][fetch wait][url=http://www.pinchain.com/]
2016-01-04 13:42:49 [INFO] [snatch][fetch wait][url=http://www.traveldaily.cn/]
2016-01-04 13:42:49 [INFO] [snatch][fetch wait][url=http://www.vcbeat.net/]
2016-01-04 13:42:50 [INFO] [snatch][fetch wait][url=http://www.cheyun.com/]
2016-01-04 13:42:50 [INFO] [snatch][fetch wait][url=http://news.mydrivers.com/]
2016-01-04 13:42:50 [INFO] [snatch][fetch wait][url=http://www.sootoo.com/content/news/]
2016-01-04 13:42:51 [INFO] [snatch][fetch wait][url=http://www.sootoo.com/content/news/?page=2]
2016-01-04 13:44:28 [INFO] [snatch][fetch wait][url=http://www.techweb.com.cn/news/]
2016-01-04 13:44:29 [ERROR] error:File not open for reading
2016-01-04 13:45:26 [INFO] [snatch][fetch wait][url=http://www.techweb.com.cn/news/]
2016-01-04 13:45:27 [ERROR] error:File not open for reading
2016-01-04 13:46:20 [INFO] [snatch][fetch wait][url=http://www.techweb.com.cn/news/]
2016-01-04 13:47:14 [INFO] [snatch][fetch wait][url=http://www.techweb.com.cn/news/]
2016-01-04 13:48:07 [INFO] [snatch][fetch wait][url=http://www.techweb.com.cn/news/]
2016-01-04 13:48:30 [INFO] [snatch][fetch wait][url=http://www.techweb.com.cn/news/]
2016-01-04 13:49:31 [INFO] [snatch][fetch wait][url=http://www.techweb.com.cn/news/]
2016-01-04 13:52:18 [INFO] [snatch][fetch wait][url=http://www.techweb.com.cn/news/]
2016-01-04 13:53:45 [INFO] [snatch][fetch wait][url=http://www.techweb.com.cn/news/]
2016-01-04 13:54:14 [INFO] [snatch][fetch wait][url=http://www.techweb.com.cn/news/]
2016-01-04 13:55:19 [INFO] [snatch][fetch wait][url=http://www.techweb.com.cn/news/]
2016-01-04 13:55:54 [INFO] [snatch][fetch wait][url=http://www.techweb.com.cn/news/]
2016-01-04 13:57:25 [INFO] [snatch][fetch wait][url=http://www.huxiu.com/]
2016-01-04 13:57:25 [INFO] [snatch][fetch wait][url=http://tech.qq.com/]
2016-01-04 13:57:25 [INFO] [snatch][fetch wait][url=http://tech.sina.com.cn/]
2016-01-04 13:57:26 [INFO] [snatch][fetch wait][url=http://tech.163.com/]
2016-01-04 13:57:26 [INFO] [snatch][fetch wait][url=http://www.lieyunwang.com/archives]
2016-01-04 13:57:27 [INFO] [snatch][fetch wait][url=http://www.iyiou.com/]
2016-01-04 13:57:28 [INFO] [snatch][fetch wait][url=http://www.iheima.com/]
2016-01-04 13:57:28 [INFO] [snatch][fetch wait][url=http://www.pedaily.cn/]
2016-01-04 13:57:28 [INFO] [snatch][fetch wait][url=http://www.leiphone.com/]
2016-01-04 13:57:28 [INFO] [snatch][fetch wait][url=http://www.leiphone.com/page/2#lph-pageList]
2016-01-04 13:57:28 [INFO] [snatch][fetch wait][url=http://www.pingwest.com/]
2016-01-04 13:57:29 [INFO] [snatch][fetch wait][url=http://www.geekpark.net/]
2016-01-04 13:57:29 [INFO] [snatch][fetch wait][url=http://www.tmtpost.com/]
2016-01-04 13:57:30 [INFO] [snatch][fetch wait][url=http://www.techweb.com.cn/news/]
2016-01-04 13:57:30 [INFO] [snatch][fetch wait][url=http://www.ikanchai.com/]
2016-01-04 13:57:31 [INFO] [snatch][fetch wait][url=http://www.cnbeta.com/]
2016-01-04 13:57:31 [INFO] [snatch][fetch wait][url=http://www.pintu360.com/]
2016-01-04 13:57:31 [INFO] [snatch][fetch wait][url=http://www.21jingji.com/channel/biz/itkeji/]
2016-01-04 13:57:32 [INFO] [snatch][fetch wait][url=http://www.duozhi.com/]
2016-01-04 13:57:32 [INFO] [snatch][fetch wait][url=http://www.jiemodui.com/]
2016-01-04 13:57:32 [INFO] [snatch][fetch wait][url=http://www.pinchain.com/]
2016-01-04 13:57:33 [INFO] [snatch][fetch wait][url=http://www.traveldaily.cn/]
2016-01-04 13:57:33 [INFO] [snatch][fetch wait][url=http://www.vcbeat.net/]
2016-01-04 13:57:34 [INFO] [snatch][fetch wait][url=http://www.cheyun.com/]
2016-01-04 13:57:34 [INFO] [snatch][fetch wait][url=http://news.mydrivers.com/]
2016-01-04 13:57:34 [INFO] [snatch][fetch wait][url=http://www.sootoo.com/content/news/]
2016-01-04 13:57:34 [INFO] [snatch][fetch wait][url=http://www.sootoo.com/content/news/?page=2]
2016-01-04 13:58:36 [INFO] [snatch][fetch wait][url=http://www.huxiu.com/]
2016-01-04 13:58:36 [INFO] [snatch][fetch wait][url=http://tech.qq.com/]
2016-01-04 13:58:36 [INFO] [snatch][fetch wait][url=http://tech.sina.com.cn/]
2016-01-04 13:58:37 [INFO] [snatch][fetch wait][url=http://tech.163.com/]
2016-01-04 13:58:37 [INFO] [snatch][fetch wait][url=http://www.lieyunwang.com/archives]
2016-01-04 13:58:37 [INFO] [snatch][fetch wait][url=http://www.iyiou.com/]
2016-01-04 13:58:38 [INFO] [snatch][fetch wait][url=http://www.iheima.com/]
2016-01-04 13:58:38 [INFO] [snatch][fetch wait][url=http://www.pedaily.cn/]
2016-01-04 13:58:38 [INFO] [snatch][fetch wait][url=http://www.leiphone.com/]
2016-01-04 13:58:38 [INFO] [snatch][fetch wait][url=http://www.leiphone.com/page/2#lph-pageList]
2016-01-04 13:58:39 [INFO] [snatch][fetch wait][url=http://www.pingwest.com/]
2016-01-04 13:58:40 [INFO] [snatch][fetch wait][url=http://www.geekpark.net/]
2016-01-04 13:58:40 [INFO] [snatch][fetch wait][url=http://www.tmtpost.com/]
2016-01-04 13:58:40 [INFO] [snatch][fetch wait][url=http://www.techweb.com.cn/news/]
2016-01-04 13:58:43 [INFO] [snatch][fetch wait][url=http://www.ikanchai.com/]
2016-01-04 13:58:43 [INFO] [snatch][fetch wait][url=http://www.cnbeta.com/]
2016-01-04 13:58:43 [INFO] [snatch][fetch wait][url=http://www.pintu360.com/]
2016-01-04 13:58:44 [INFO] [snatch][fetch wait][url=http://www.21jingji.com/channel/biz/itkeji/]
2016-01-04 13:58:44 [INFO] [snatch][fetch wait][url=http://www.duozhi.com/]
2016-01-04 13:58:44 [INFO] [snatch][fetch wait][url=http://www.jiemodui.com/]
2016-01-04 13:58:45 [INFO] [snatch][fetch wait][url=http://www.pinchain.com/]
2016-01-04 13:58:45 [INFO] [snatch][fetch wait][url=http://www.traveldaily.cn/]
2016-01-04 13:58:45 [INFO] [snatch][fetch wait][url=http://www.vcbeat.net/]
2016-01-04 13:58:46 [INFO] [snatch][fetch wait][url=http://www.cheyun.com/]
2016-01-04 13:58:46 [INFO] [snatch][fetch wait][url=http://news.mydrivers.com/]
2016-01-04 13:58:46 [INFO] [snatch][fetch wait][url=http://www.sootoo.com/content/news/]
2016-01-04 13:58:46 [INFO] [snatch][fetch wait][url=http://www.sootoo.com/content/news/?page=2]
2016-01-04 13:59:08 [INFO] [snatch][fetch wait][url=http://www.huxiu.com/]
2016-01-04 13:59:08 [INFO] [snatch][fetch wait][url=http://tech.qq.com/]
2016-01-04 13:59:09 [INFO] [snatch][fetch wait][url=http://tech.sina.com.cn/]
2016-01-04 13:59:09 [INFO] [snatch][fetch wait][url=http://tech.163.com/]
2016-01-04 13:59:10 [INFO] [snatch][fetch wait][url=http://www.lieyunwang.com/archives]
2016-01-04 13:59:10 [INFO] [snatch][fetch wait][url=http://www.iyiou.com/]
2016-01-04 13:59:10 [INFO] [snatch][fetch wait][url=http://www.iheima.com/]
2016-01-04 13:59:10 [INFO] [snatch][fetch wait][url=http://www.pedaily.cn/]
2016-01-04 13:59:10 [INFO] [snatch][fetch wait][url=http://www.leiphone.com/]
2016-01-04 13:59:11 [INFO] [snatch][fetch wait][url=http://www.leiphone.com/page/2#lph-pageList]
2016-01-04 13:59:11 [INFO] [snatch][fetch wait][url=http://www.pingwest.com/]
2016-01-04 13:59:11 [INFO] [snatch][fetch wait][url=http://www.geekpark.net/]
2016-01-04 13:59:11 [INFO] [snatch][fetch wait][url=http://www.tmtpost.com/]
2016-01-04 13:59:12 [INFO] [snatch][fetch wait][url=http://www.techweb.com.cn/news/]
2016-01-04 13:59:12 [INFO] [snatch][fetch wait][url=http://www.ikanchai.com/]
2016-01-04 13:59:13 [INFO] [snatch][fetch wait][url=http://www.cnbeta.com/]
2016-01-04 13:59:13 [INFO] [snatch][fetch wait][url=http://www.pintu360.com/]
2016-01-04 13:59:13 [INFO] [snatch][fetch wait][url=http://www.21jingji.com/channel/biz/itkeji/]
2016-01-04 13:59:13 [INFO] [snatch][fetch wait][url=http://www.duozhi.com/]
2016-01-04 13:59:13 [INFO] [snatch][fetch wait][url=http://www.jiemodui.com/]
2016-01-04 13:59:14 [INFO] [snatch][fetch wait][url=http://www.pinchain.com/]
2016-01-04 13:59:15 [INFO] [snatch][fetch wait][url=http://www.traveldaily.cn/]
2016-01-04 13:59:15 [INFO] [snatch][fetch wait][url=http://www.vcbeat.net/]
2016-01-04 13:59:15 [INFO] [snatch][fetch wait][url=http://www.cheyun.com/]
2016-01-04 13:59:15 [INFO] [snatch][fetch wait][url=http://news.mydrivers.com/]
2016-01-04 13:59:15 [INFO] [snatch][fetch wait][url=http://www.sootoo.com/content/news/]
2016-01-04 13:59:15 [INFO] [snatch][fetch wait][url=http://www.sootoo.com/content/news/?page=2]
2016-01-04 17:20:20 [INFO] [snatch][fetch wait][url=http://www.huxiu.com/]
2016-01-04 17:20:20 [INFO] [snatch][fetch wait][url=http://tech.qq.com/]
2016-01-04 17:20:21 [INFO] [snatch][fetch wait][url=http://tech.sina.com.cn/]
2016-01-04 17:20:21 [INFO] [snatch][fetch wait][url=http://tech.163.com/]
2016-01-04 17:20:21 [INFO] [snatch][fetch wait][url=http://www.lieyunwang.com/archives]
2016-01-04 17:20:22 [INFO] [snatch][fetch wait][url=http://www.iyiou.com/]
2016-01-04 17:20:22 [INFO] [snatch][fetch wait][url=http://www.iheima.com/]
2016-01-04 17:20:23 [INFO] [snatch][fetch wait][url=http://www.pedaily.cn/]
2016-01-04 17:20:24 [INFO] [snatch][fetch wait][url=http://www.leiphone.com/]
2016-01-04 17:20:24 [INFO] [snatch][fetch wait][url=http://www.leiphone.com/page/2#lph-pageList]
2016-01-04 17:20:24 [INFO] [snatch][fetch wait][url=http://www.pingwest.com/]
2016-01-04 17:20:24 [INFO] [snatch][fetch wait][url=http://www.geekpark.net/]
2016-01-04 17:20:25 [INFO] [snatch][fetch wait][url=http://www.tmtpost.com/]
2016-01-04 17:20:25 [INFO] [snatch][fetch wait][url=http://www.techweb.com.cn/news/]
2016-01-04 17:20:26 [INFO] [snatch][fetch wait][url=http://www.ikanchai.com/]
2016-01-04 17:20:26 [INFO] [snatch][fetch wait][url=http://www.cnbeta.com/]
2016-01-04 17:20:27 [INFO] [snatch][fetch wait][url=http://www.pintu360.com/]
2016-01-04 17:20:27 [INFO] [snatch][fetch wait][url=http://www.21jingji.com/channel/biz/itkeji/]
2016-01-04 17:20:30 [ERROR] error:<urlopen error [Errno -2] Name or service not known>
2016-01-04 17:20:30 [INFO] [snatch][fetch wait][url=http://www.duozhi.com/]
2016-01-04 17:20:30 [INFO] [snatch][fetch wait][url=http://www.jiemodui.com/]
2016-01-04 17:20:31 [INFO] [snatch][fetch wait][url=http://www.pinchain.com/]
2016-01-04 17:20:31 [INFO] [snatch][fetch wait][url=http://www.traveldaily.cn/]
2016-01-04 17:20:31 [INFO] [snatch][fetch wait][url=http://www.vcbeat.net/]
2016-01-04 17:20:32 [INFO] [snatch][fetch wait][url=http://www.cheyun.com/]
2016-01-04 17:20:33 [INFO] [snatch][fetch wait][url=http://news.mydrivers.com/]
2016-01-04 17:20:33 [INFO] [snatch][fetch wait][url=http://www.sootoo.com/content/news/]
2016-01-04 17:20:33 [INFO] [snatch][fetch wait][url=http://www.sootoo.com/content/news/?page=2]
