2016-12-23 10:24:39 [INFO] [snatch][fetch wait][url=http://www.pencilnews.cn/info]
2016-12-23 10:28:02 [INFO] [snatch][fetch wait][url=http://www.pencilnews.cn/info]
2016-12-23 10:28:02 [ERROR] error:HTTP Error 500: Internal Server Error
2016-12-23 10:28:09 [INFO] [snatch][fetch wait][url=http://www.pencilnews.cn/info]
2016-12-23 10:28:09 [ERROR] error:HTTP Error 500: Internal Server Error
2016-12-23 10:28:28 [INFO] [snatch][fetch wait][url=http://www.pencilnews.cn/info]
2016-12-23 10:28:28 [ERROR] error:HTTP Error 500: Internal Server Error
2016-12-23 10:29:40 [INFO] [snatch][fetch wait][url=http://www.pencilnews.cn/info]
2016-12-23 10:29:40 [ERROR] error:HTTP Error 500: Internal Server Error
2016-12-23 10:33:37 [INFO] [snatch][fetch wait][url=http://www.pencilnews.cn/info]
2016-12-23 10:33:57 [INFO] [snatch][fetch wait][url=http://www.pencilnews.cn/info]
2016-12-23 10:33:57 [ERROR] error:HTTP Error 500: Internal Server Error
2016-12-23 10:34:16 [INFO] [snatch][fetch wait][url=http://www.pencilnews.cn/info]
2016-12-23 10:35:24 [INFO] [snatch][fetch wait][url=http://www.pencilnews.cn/info]
2016-12-23 10:35:24 [ERROR] error:HTTP Error 500: Internal Server Error
2016-12-23 10:35:28 [INFO] [snatch][fetch wait][url=http://www.pencilnews.cn/info]
2016-12-23 10:36:35 [INFO] [snatch][fetch wait][url=http://www.pencilnews.cn/info]
2016-12-23 10:36:35 [ERROR] error:HTTP Error 500: Internal Server Error
2016-12-23 10:36:37 [INFO] [snatch][fetch wait][url=http://www.pencilnews.cn/info]
2016-12-23 10:36:51 [INFO] [snatch][fetch wait][url=http://www.pencilnews.cn/info]
2016-12-23 10:37:23 [INFO] [snatch][fetch wait][url=http://www.pencilnews.cn/info]
2016-12-23 10:37:24 [ERROR] error:HTTP Error 500: Internal Server Error
2016-12-23 10:37:26 [INFO] [snatch][fetch wait][url=http://www.pencilnews.cn/info]
2016-12-23 10:38:16 [INFO] [snatch][fetch wait][url=http://www.pencilnews.cn/info]
2016-12-23 10:38:16 [ERROR] error:HTTP Error 500: Internal Server Error
2016-12-23 10:38:18 [INFO] [snatch][fetch wait][url=http://www.pencilnews.cn/info]
2016-12-23 10:38:18 [ERROR] error:HTTP Error 500: Internal Server Error
2016-12-23 10:38:19 [INFO] [snatch][fetch wait][url=http://www.pencilnews.cn/info]
2016-12-23 10:38:19 [ERROR] error:HTTP Error 500: Internal Server Error
2016-12-23 10:38:21 [INFO] [snatch][fetch wait][url=http://www.pencilnews.cn/info]
2016-12-23 10:38:21 [ERROR] error:HTTP Error 500: Internal Server Error
2016-12-23 10:38:23 [INFO] [snatch][fetch wait][url=http://www.pencilnews.cn/info]
2016-12-23 10:38:23 [ERROR] error:HTTP Error 500: Internal Server Error
2016-12-23 10:38:24 [INFO] [snatch][fetch wait][url=http://www.pencilnews.cn/info]
2016-12-23 10:38:24 [ERROR] error:HTTP Error 500: Internal Server Error
2016-12-23 10:38:26 [INFO] [snatch][fetch wait][url=http://www.pencilnews.cn/info]
2016-12-23 10:38:26 [ERROR] error:HTTP Error 500: Internal Server Error
2016-12-23 10:38:27 [INFO] [snatch][fetch wait][url=http://www.pencilnews.cn/info]
2016-12-23 10:38:27 [ERROR] error:HTTP Error 500: Internal Server Error
2016-12-23 10:38:28 [INFO] [snatch][fetch wait][url=http://www.pencilnews.cn/info]
2016-12-23 10:38:28 [ERROR] error:HTTP Error 500: Internal Server Error
2016-12-23 10:38:29 [INFO] [snatch][fetch wait][url=http://www.pencilnews.cn/info]
2016-12-23 10:38:29 [ERROR] error:HTTP Error 500: Internal Server Error
2016-12-23 10:38:57 [INFO] [snatch][fetch wait][url=http://www.pencilnews.cn/info]
2016-12-23 10:38:57 [ERROR] error:HTTP Error 500: Internal Server Error
2016-12-23 10:40:00 [INFO] [snatch][fetch wait][url=http://www.pencilnews.cn/info]
2016-12-23 10:46:15 [INFO] [snatch][fetch wait][url=http://www.pencilnews.cn/info]
2016-12-23 10:46:16 [INFO] [snatch][fetch wait][url=http://www.pencilnews.cn/info]
2016-12-23 10:46:38 [INFO] [snatch][fetch wait][url=http://www.pencilnews.cn/info]
2016-12-23 10:53:54 [INFO] [snatch][fetch wait][url=http://www.pencilnews.cn/info]
2016-12-30 11:06:56 [INFO] [snatch][fetch wait][url=http://cn.technode.com/]
2016-12-30 11:06:57 [ERROR] error:Expected selector, got <EOF at 0>
2016-12-30 11:07:17 [INFO] [snatch][fetch wait][url=http://cn.technode.com/]
2016-12-30 11:07:17 [ERROR] error:Expected selector, got <EOF at 0>
2016-12-30 11:07:47 [INFO] [snatch][fetch wait][url=http://cn.technode.com/]
2016-12-30 11:11:27 [INFO] [snatch][fetch wait][url=http://cn.technode.com/]
2016-12-30 11:13:19 [INFO] [snatch][fetch wait][url=http://cn.technode.com/]
2016-12-30 11:15:00 [INFO] [snatch][fetch wait][url=http://cn.technode.com/]
2016-12-30 11:16:32 [INFO] [snatch][fetch wait][url=http://cn.technode.com/]
2016-12-30 11:20:41 [INFO] [snatch][fetch wait][url=http://cn.technode.com/]
2016-12-30 11:21:58 [INFO] [snatch][fetch wait][url=http://cn.technode.com/]
2016-12-30 11:22:16 [INFO] [snatch][fetch wait][url=http://cn.technode.com/]
2016-12-30 11:26:59 [INFO] [snatch][fetch wait][url=http://www.ebrun.com/top/?eb=hp_home_nav_zdh]
2016-12-30 11:26:59 [ERROR] error:CRC check failed 0x0 != 0x8317f690L
2016-12-30 11:27:51 [INFO] [snatch][fetch wait][url=http://www.ebrun.com/top/]
2016-12-30 11:27:52 [ERROR] error:CRC check failed 0x0 != 0x8317f690L
2016-12-30 11:34:48 [INFO] [snatch][fetch wait][url=http://www.ebrun.com/top/]
2016-12-30 11:35:18 [INFO] [snatch][fetch wait][url=http://www.ebrun.com/top/]
2016-12-30 11:36:35 [INFO] [snatch][fetch wait][url=http://www.ebrun.com/top/]
2016-12-30 11:38:55 [INFO] [snatch][fetch wait][url=http://www.ebrun.com/top/]
2016-12-30 11:39:18 [INFO] [snatch][fetch wait][url=http://www.ebrun.com/top/]
2016-12-30 11:39:52 [INFO] [snatch][fetch wait][url=http://www.ebrun.com/top/]
2016-12-30 11:40:34 [INFO] [snatch][fetch wait][url=http://www.ebrun.com/top/]
2016-12-30 11:44:01 [INFO] [snatch][fetch wait][url=http://www.ebrun.com/top/original/?eb=hp_home_nav_zdh]
2016-12-30 11:44:01 [ERROR] error:CRC check failed 0x5 != 0xb191632fL
2016-12-30 11:44:06 [INFO] [snatch][fetch wait][url=http://www.ebrun.com/top/original/?eb=hp_home_nav_zdh]
2016-12-30 11:44:06 [ERROR] error:CRC check failed 0x5 != 0xb191632fL
2016-12-30 11:44:45 [INFO] [snatch][fetch wait][url=http://www.ebrun.com/top/news/]
2016-12-30 11:45:18 [INFO] [snatch][fetch wait][url=http://www.ebrun.com/top/news/]
2016-12-30 11:46:49 [INFO] [snatch][fetch wait][url=http://www.ebrun.com/top/news/]
2016-12-30 11:47:46 [INFO] [snatch][fetch wait][url=http://www.ebrun.com/top/news/]
2016-12-30 11:51:15 [INFO] [snatch][fetch wait][url=http://www.ebrun.com/top/news/]
2016-12-30 11:54:33 [INFO] [snatch][fetch wait][url=http://www.ebrun.com/top/news/]
2016-12-30 11:56:06 [INFO] [snatch][fetch wait][url=http://www.ebrun.com/top/news/]
2016-12-30 14:15:12 [INFO] [snatch][fetch wait][url=http://www.ebrun.com/top/news/]
2016-12-30 14:15:13 [ERROR] error:CRC check failed 0x7e4 != 0x44956af5L
2016-12-30 14:30:44 [INFO] [snatch][fetch wait][url=http://www.ebrun.com/top/news/]
2016-12-30 14:30:44 [ERROR] error:CRC check failed 0x5f != 0xa3312c75L
2016-12-30 14:32:38 [INFO] [snatch][fetch wait][url=http://www.ebrun.com/top/news/]
2016-12-30 14:32:38 [ERROR] error:CRC check failed 0x3f != 0xa3312c75L
2016-12-30 14:34:31 [INFO] [snatch][fetch wait][url=http://www.ebrun.com/top/news/]
2016-12-30 14:34:31 [ERROR] error:CRC check failed 0x5ff != 0x241a5426L
2016-12-30 14:51:34 [INFO] [snatch][fetch wait][url=http://it.sohu.com/it_scrollnews.shtml]
2016-12-30 14:52:02 [INFO] [snatch][fetch wait][url=http://it.sohu.com/it_scrollnews.shtml]
2016-12-30 14:52:56 [INFO] [snatch][fetch wait][url=http://it.sohu.com/it_scrollnews.shtml]
2016-12-30 14:53:58 [INFO] [snatch][fetch wait][url=http://it.sohu.com/it_scrollnews.shtml]
2016-12-30 14:59:56 [INFO] [snatch][fetch wait][url=http://www.cyzone.cn/]
2016-12-30 15:00:56 [INFO] [snatch][fetch wait][url=http://www.cyzone.cn/]
2016-12-30 15:01:07 [INFO] [snatch][fetch wait][url=http://www.cyzone.cn/]
2016-12-30 15:01:32 [INFO] [snatch][fetch wait][url=http://www.cyzone.cn/]
2016-12-30 15:02:18 [INFO] [snatch][fetch wait][url=http://www.cyzone.cn/]
2016-12-30 15:02:18 [ERROR] error:'NoneType' object has no attribute '__getitem__'
2016-12-30 15:02:40 [INFO] [snatch][fetch wait][url=http://www.cyzone.cn/]
2016-12-30 15:02:41 [ERROR] error:'NoneType' object has no attribute '__getitem__'
2016-12-30 15:11:10 [INFO] [snatch][fetch wait][url=http://www.cyzone.cn/]
2016-12-30 15:11:10 [ERROR] error:'NoneType' object has no attribute '__getitem__'
